[35m[Appium][39m Welcome to Appium v1.22.3
[35m[Appium][39m Non-default server args:
[35m[Appium][39m   port: 51264
[35m[Appium][39m   tmpDir: C:\Users\1277\AppData\Local\Temp\\Katalon\Appium\Temp1685002685982
[35m[Appium][39m   chromedriverPort: 51265
[35m[Appium][39m Deprecated server args:
[35m[Appium][39m   [31m--chromedriver-port[39m => --default-capabilities
[35m[Appium][39m Default capabilities, which will be added to each request unless overridden by desired capabilities:
[35m[Appium][39m   chromedriverPort: 51265
[35m[Appium][39m Appium REST http interface listener started on 0.0.0.0:51264
[35m[HTTP][39m [37m-->[39m [37mGET[39m [37m/wd/hub/status[39m
[35m[HTTP][39m [90m{}[39m
[debug] [35m[GENERIC][39m Calling AppiumDriver.getStatus() with args: []
[debug] [35m[GENERIC][39m Responding to client with driver.getStatus() result: {"build":{"version":"1.22.3"}}
[35m[HTTP][39m [37m<-- GET /wd/hub/status [39m[32m200[39m [90m4 ms - 68[39m
[35m[HTTP][39m [90m[39m
[35m[HTTP][39m [37m-->[39m [37mGET[39m [37m/wd/hub/status[39m
[35m[HTTP][39m [90m{}[39m
[debug] [35m[GENERIC][39m Calling AppiumDriver.getStatus() with args: []
[debug] [35m[GENERIC][39m Responding to client with driver.getStatus() result: {"build":{"version":"1.22.3"}}
[35m[HTTP][39m [37m<-- GET /wd/hub/status [39m[32m200[39m [90m1 ms - 68[39m
[35m[HTTP][39m [90m[39m
[35m[HTTP][39m [37m-->[39m [37mPOST[39m [37m/wd/hub/session[39m
[35m[HTTP][39m [90m{"desiredCapabilities":{"app":"C:\\Users\\1277\\Documents\\advantage-demo-v3.2.apk","noReset":true,"deviceName":"samsung SM-A325F (Android 13)","fullReset":false,"platform":"ANDROID","newCommandTimeout":1800,"platformVersion":"13","automationName":"uiautomator2","autoGrantPermissions":true,"platformName":"Android","udid":"RR8T301GT4R","systemPort":51270},"capabilities":{"firstMatch":[{"appium:app":"C:\\Users\\1277\\Documents\\advantage-demo-v3.2.apk","appium:autoGrantPermissions":true,"appium:automationName":"uiautomator2","appium:deviceName":"samsung SM-A325F (Android 13)","appium:fullReset":false,"appium:newCommandTimeout":1800,"appium:noReset":true,"platform":"ANDROID","platformName":"android","appium:platformVersion":"13","appium:systemPort":51270,"appium:udid":"RR8T301GT4R"}]}}[39m
[debug] [35m[W3C][39m Calling AppiumDriver.createSession() with args: [{"app":"C:\\Users\\1277\\Documents\\advantage-demo-v3.2.apk","noReset":true,"deviceName":"samsung SM-A325F (Android 13)","fullReset":false,"platform":"ANDROID","newCommandTimeout":1800,"platformVersion":"13","automationName":"uiautomator2","autoGrantPermissions":true,"platformName":"Android","udid":"RR8T301GT4R","systemPort":51270},null,{"firstMatch":[{"appium:app":"C:\\Users\\1277\\Documents\\advantage-demo-v3.2.apk","appium:autoGrantPermissions":true,"appium:automationName":"uiautomator2","appium:deviceName":"samsung SM-A325F (Android 13)","appium:fullReset":false,"appium:newCommandTimeout":1800,"appium:noReset":true,"platform":"ANDROID","platformName":"android","appium:platformVersion":"13","appium:systemPort":51270,"appium:udid":"RR8T301GT4R"}]}]
[debug] [35m[BaseDriver][39m Event 'newSessionRequested' logged at 1685002687850 (15:18:07 GMT+0700 (Indochina Time))
[35m[BaseDriver][39m The following capabilities are not standard capabilities and should have an extension prefix:
[35m[BaseDriver][39m   platform
[35m[BaseDriver][39m   chromedriverPort
[35m[Appium][39m Appium v1.22.3 creating new AndroidUiautomator2Driver (v1.70.1) session
[debug] [35m[BaseDriver][39m W3C capabilities and MJSONWP desired capabilities were provided
[debug] [35m[BaseDriver][39m Creating session with W3C capabilities: {
[debug] [35m[BaseDriver][39m   "alwaysMatch": {
[debug] [35m[BaseDriver][39m     "appium:platform": "ANDROID",
[debug] [35m[BaseDriver][39m     "platformName": "android",
[debug] [35m[BaseDriver][39m     "appium:chromedriverPort": 51265,
[debug] [35m[BaseDriver][39m     "appium:app": "C:\\Users\\1277\\Documents\\advantage-demo-v3.2.apk",
[debug] [35m[BaseDriver][39m     "appium:autoGrantPermissions": true,
[debug] [35m[BaseDriver][39m     "appium:automationName": "uiautomator2",
[debug] [35m[BaseDriver][39m     "appium:deviceName": "samsung SM-A325F (Android 13)",
[debug] [35m[BaseDriver][39m     "appium:fullReset": false,
[debug] [35m[BaseDriver][39m     "appium:newCommandTimeout": 1800,
[debug] [35m[BaseDriver][39m     "appium:noReset": true,
[debug] [35m[BaseDriver][39m     "appium:platformVersion": "13",
[debug] [35m[BaseDriver][39m     "appium:systemPort": 51270,
[debug] [35m[BaseDriver][39m     "appium:udid": "RR8T301GT4R"
[debug] [35m[BaseDriver][39m   },
[debug] [35m[BaseDriver][39m   "firstMatch": [
[debug] [35m[BaseDriver][39m     {}
[debug] [35m[BaseDriver][39m   ]
[debug] [35m[BaseDriver][39m }
[35m[BaseDriver][39m The following capabilities were provided, but are not recognized by Appium:
[35m[BaseDriver][39m   platform
[35m[BaseDriver][39m Session created with session id: 30899289-89da-4e3b-ac34-07e4c3ecb01d
[35m[BaseDriver][39m Using local app 'C:\Users\1277\Documents\advantage-demo-v3.2.apk'
[debug] [35m[UiAutomator2][39m Checking whether app is actually present
[35m[ADB][39m Found 1 'build-tools' folders under 'C:\Users\1277\.katalon\tools\android_sdk' (newest first):
[35m[ADB][39m     C:/Users/1277/.katalon/tools/android_sdk/build-tools/29.0.3
[35m[ADB][39m Using 'adb.exe' from 'C:\Users\1277\.katalon\tools\android_sdk\platform-tools\adb.exe'
[debug] [35m[ADB][39m Running 'C:\Users\1277\.katalon\tools\android_sdk\platform-tools\adb.exe -P 5037 start-server'
[35m[AndroidDriver][39m Retrieving device list
[debug] [35m[ADB][39m Trying to find a connected android device
[debug] [35m[ADB][39m Getting connected devices
[debug] [35m[ADB][39m Connected devices: [{"udid":"RR8T301GT4R","state":"device"}]
[35m[AndroidDriver][39m Using device: RR8T301GT4R
[35m[ADB][39m Using 'adb.exe' from 'C:\Users\1277\.katalon\tools\android_sdk\platform-tools\adb.exe'
[debug] [35m[ADB][39m Running 'C:\Users\1277\.katalon\tools\android_sdk\platform-tools\adb.exe -P 5037 start-server'
[debug] [35m[ADB][39m Setting device id to RR8T301GT4R
[debug] [35m[ADB][39m Running 'C:\Users\1277\.katalon\tools\android_sdk\platform-tools\adb.exe -P 5037 -s RR8T301GT4R shell getprop ro.build.version.sdk'
[debug] [35m[ADB][39m Current device property 'ro.build.version.sdk': 33
[35m[ADB][39m Getting device platform version
[debug] [35m[ADB][39m Running 'C:\Users\1277\.katalon\tools\android_sdk\platform-tools\adb.exe -P 5037 -s RR8T301GT4R shell getprop ro.build.version.release'
[debug] [35m[ADB][39m Current device property 'ro.build.version.release': 13
[debug] [35m[ADB][39m Device API level: 33
[35m[UiAutomator2][39m Relaxing hidden api policy
[debug] [35m[ADB][39m Running 'C:\Users\1277\.katalon\tools\android_sdk\platform-tools\adb.exe -P 5037 -s RR8T301GT4R shell 'settings put global hidden_api_policy_pre_p_apps 1;settings put global hidden_api_policy_p_apps 1;settings put global hidden_api_policy 1''
[debug] [35m[AndroidDriver][39m Parsing package and activity from app manifest
[35m[ADB][39m Package name: 'com.Advantage.aShopping'
[35m[ADB][39m Main activity name: 'com.Advantage.aShopping.SplashActivity'
[debug] [35m[AndroidDriver][39m Parsed package and activity are: com.Advantage.aShopping/com.Advantage.aShopping.SplashActivity
[debug] [35m[ADB][39m Running 'C:\Users\1277\.katalon\tools\android_sdk\platform-tools\adb.exe -P 5037 -s RR8T301GT4R wait-for-device'
[debug] [35m[ADB][39m Running 'C:\Users\1277\.katalon\tools\android_sdk\platform-tools\adb.exe -P 5037 -s RR8T301GT4R shell echo ping'
[debug] [35m[AndroidDriver][39m Pushing settings apk to device...
[debug] [35m[ADB][39m Getting install status for io.appium.settings
[debug] [35m[ADB][39m Running 'C:\Users\1277\.katalon\tools\android_sdk\platform-tools\adb.exe -P 5037 -s RR8T301GT4R shell dumpsys package io.appium.settings'
[debug] [35m[ADB][39m 'io.appium.settings' is installed
[debug] [35m[ADB][39m Getting package info for 'io.appium.settings'
[debug] [35m[ADB][39m Running 'C:\Users\1277\.katalon\tools\android_sdk\platform-tools\adb.exe -P 5037 -s RR8T301GT4R shell dumpsys package io.appium.settings'
[debug] [35m[ADB][39m The version name of the installed 'io.appium.settings' is greater or equal to the application version name ('3.4.0' >= '3.4.0')
[debug] [35m[ADB][39m There is no need to install/upgrade 'C:\Users\1277\AppData\Roaming\npm\node_modules\appium\node_modules\io.appium.settings\apks\settings_apk-debug.apk'
[debug] [35m[ADB][39m Getting IDs of all 'io.appium.settings' processes
[debug] [35m[ADB][39m Running 'C:\Users\1277\.katalon\tools\android_sdk\platform-tools\adb.exe -P 5037 -s RR8T301GT4R shell 'pgrep --help; echo $?''
[debug] [35m[ADB][39m Running 'C:\Users\1277\.katalon\tools\android_sdk\platform-tools\adb.exe -P 5037 -s RR8T301GT4R shell pgrep -f \(\[\[:blank:\]\]\|\^\)io\.appium\.settings\(\[\[:blank:\]\]\|\$\)'
[debug] [35m[AndroidDriver][39m io.appium.settings is already running. There is no need to reset its permissions.
[debug] [35m[ADB][39m Running 'C:\Users\1277\.katalon\tools\android_sdk\platform-tools\adb.exe -P 5037 -s RR8T301GT4R shell appops set io.appium.settings android:mock_location allow'
[debug] [35m[Logcat][39m Starting logs capture with command: C:\\Users\\1277\\.katalon\\tools\\android_sdk\\platform-tools\\adb.exe -P 5037 -s RR8T301GT4R logcat -v threadtime
[debug] [35m[UiAutomator2][39m Forwarding UiAutomator2 Server port 6790 to local port 51270
[debug] [35m[ADB][39m Forwarding system: 51270 to device: 6790
[debug] [35m[ADB][39m Running 'C:\Users\1277\.katalon\tools\android_sdk\platform-tools\adb.exe -P 5037 -s RR8T301GT4R forward tcp:51270 tcp:6790'
[debug] [35m[ADB][39m Getting install status for io.appium.uiautomator2.server
[debug] [35m[ADB][39m Running 'C:\Users\1277\.katalon\tools\android_sdk\platform-tools\adb.exe -P 5037 -s RR8T301GT4R shell dumpsys package io.appium.uiautomator2.server'
[debug] [35m[ADB][39m 'io.appium.uiautomator2.server' is installed
[debug] [35m[ADB][39m Getting package info for 'io.appium.uiautomator2.server'
[debug] [35m[ADB][39m Running 'C:\Users\1277\.katalon\tools\android_sdk\platform-tools\adb.exe -P 5037 -s RR8T301GT4R shell dumpsys package io.appium.uiautomator2.server'
[debug] [35m[ADB][39m The version name of the installed 'io.appium.uiautomator2.server' is greater or equal to the application version name ('4.27.0' >= '4.27.0')
[debug] [35m[UiAutomator2][39m io.appium.uiautomator2.server installation state: sameVersionInstalled
[debug] [35m[ADB][39m Checking app cert for C:\Users\1277\AppData\Roaming\npm\node_modules\appium\node_modules\appium-uiautomator2-server\apks\appium-uiautomator2-server-v4.27.0.apk
[35m[ADB][39m Using 'apksigner.jar' from 'C:\Users\1277\.katalon\tools\android_sdk\build-tools\29.0.3\lib\apksigner.jar'
[debug] [35m[ADB][39m Starting apksigner: 'C:\\Program Files\\Katalon Studio\\jre\\bin\\java.exe' -Xmx1024M -Xss1m -jar C:\\Users\\1277\\.katalon\\tools\\android_sdk\\build-tools\\29.0.3\\lib\\apksigner.jar verify --print-certs C:\\Users\\1277\\AppData\\Roaming\\npm\\node_modules\\appium\\node_modules\\appium-uiautomator2-server\\apks\\appium-uiautomator2-server-v4.27.0.apk
[debug] [35m[ADB][39m apksigner stdout: Signer #1 certificate DN: EMAILADDRESS=android@android.com, CN=Android, OU=Android, O=Android, L=Mountain View, ST=California, C=US
[debug] [35m[ADB][39m Signer #1 certificate SHA-256 digest: a40da80a59d170caa950cf15c18c454d47a39b26989d8b640ecd745ba71bf5dc
[debug] [35m[ADB][39m Signer #1 certificate SHA-1 digest: 61ed377e85d386a8dfee6b864bd85b0bfaa5af81
[debug] [35m[ADB][39m Signer #1 certificate MD5 digest: e89b158e4bcf988ebd09eb83f5378e87
[debug] [35m[ADB][39m 
[debug] [35m[ADB][39m apksigner stderr: Picked up JAVA_TOOL_OPTIONS: -agentlib:jvmhook
[debug] [35m[ADB][39m Picked up _JAVA_OPTIONS: -Xrunjvmhook -Xbootclasspath/a:"C:\Program Files (x86)\Micro Focus\UFT One\bin\java_shared\classes\jasmine.jar"
[debug] [35m[ADB][39m 
[debug] [35m[ADB][39m sha256 hash did match for 'appium-uiautomator2-server-v4.27.0.apk'
[35m[ADB][39m 'C:\Users\1277\AppData\Roaming\npm\node_modules\appium\node_modules\appium-uiautomator2-server\apks\appium-uiautomator2-server-v4.27.0.apk' is signed with the default certificate
[debug] [35m[ADB][39m Getting install status for io.appium.uiautomator2.server.test
[debug] [35m[ADB][39m Running 'C:\Users\1277\.katalon\tools\android_sdk\platform-tools\adb.exe -P 5037 -s RR8T301GT4R shell dumpsys package io.appium.uiautomator2.server.test'
[debug] [35m[ADB][39m 'io.appium.uiautomator2.server.test' is installed
[debug] [35m[ADB][39m Checking app cert for C:\Users\1277\AppData\Roaming\npm\node_modules\appium\node_modules\appium-uiautomator2-server\apks\appium-uiautomator2-server-debug-androidTest.apk
[debug] [35m[ADB][39m Starting apksigner: 'C:\\Program Files\\Katalon Studio\\jre\\bin\\java.exe' -Xmx1024M -Xss1m -jar C:\\Users\\1277\\.katalon\\tools\\android_sdk\\build-tools\\29.0.3\\lib\\apksigner.jar verify --print-certs C:\\Users\\1277\\AppData\\Roaming\\npm\\node_modules\\appium\\node_modules\\appium-uiautomator2-server\\apks\\appium-uiautomator2-server-debug-androidTest.apk
[debug] [35m[ADB][39m apksigner stdout: Signer #1 certificate DN: EMAILADDRESS=android@android.com, CN=Android, OU=Android, O=Android, L=Mountain View, ST=California, C=US
[debug] [35m[ADB][39m Signer #1 certificate SHA-256 digest: a40da80a59d170caa950cf15c18c454d47a39b26989d8b640ecd745ba71bf5dc
[debug] [35m[ADB][39m Signer #1 certificate SHA-1 digest: 61ed377e85d386a8dfee6b864bd85b0bfaa5af81
[debug] [35m[ADB][39m Signer #1 certificate MD5 digest: e89b158e4bcf988ebd09eb83f5378e87
[debug] [35m[ADB][39m 
[debug] [35m[ADB][39m apksigner stderr: Picked up JAVA_TOOL_OPTIONS: -agentlib:jvmhook
[debug] [35m[ADB][39m Picked up _JAVA_OPTIONS: -Xrunjvmhook -Xbootclasspath/a:"C:\Program Files (x86)\Micro Focus\UFT One\bin\java_shared\classes\jasmine.jar"
[debug] [35m[ADB][39m 
[debug] [35m[ADB][39m sha256 hash did match for 'appium-uiautomator2-server-debug-androidTest.apk'
[35m[ADB][39m 'C:\Users\1277\AppData\Roaming\npm\node_modules\appium\node_modules\appium-uiautomator2-server\apks\appium-uiautomator2-server-debug-androidTest.apk' is signed with the default certificate
[35m[UiAutomator2][39m Server packages are not going to be (re)installed
[debug] [35m[UiAutomator2][39m Waiting up to 30000ms for services to be available
[debug] [35m[ADB][39m Running 'C:\Users\1277\.katalon\tools\android_sdk\platform-tools\adb.exe -P 5037 -s RR8T301GT4R shell pm list instrumentation'
[debug] [35m[UiAutomator2][39m Instrumentation target 'io.appium.uiautomator2.server.test/androidx.test.runner.AndroidJUnitRunner' is available
[35m[ADB][39m Adding packages ["io.appium.settings","io.appium.uiautomator2.server","io.appium.uiautomator2.server.test"] to Doze whitelist
[debug] [35m[ADB][39m Got the following command chunks to execute: [["dumpsys","deviceidle","whitelist","+io.appium.settings",";","dumpsys","deviceidle","whitelist","+io.appium.uiautomator2.server",";","dumpsys","deviceidle","whitelist","+io.appium.uiautomator2.server.test",";"]]
[debug] [35m[ADB][39m Running 'C:\Users\1277\.katalon\tools\android_sdk\platform-tools\adb.exe -P 5037 -s RR8T301GT4R shell dumpsys deviceidle whitelist +io.appium.settings ; dumpsys deviceidle whitelist +io.appium.uiautomator2.server ; dumpsys deviceidle whitelist +io.appium.uiautomator2.server.test ;'
[debug] [35m[ADB][39m Checking app cert for C:\Users\1277\Documents\advantage-demo-v3.2.apk
[debug] [35m[ADB][39m Starting apksigner: 'C:\\Program Files\\Katalon Studio\\jre\\bin\\java.exe' -Xmx1024M -Xss1m -jar C:\\Users\\1277\\.katalon\\tools\\android_sdk\\build-tools\\29.0.3\\lib\\apksigner.jar verify --print-certs C:\\Users\\1277\\Documents\\advantage-demo-v3.2.apk
[debug] [35m[ADB][39m apksigner stdout: Signer #1 certificate DN: C=US, O=Android, CN=Android Debug
[debug] [35m[ADB][39m Signer #1 certificate SHA-256 digest: a25b2949282786abf111fc6d2b844d052068b0f0286c75e96bc7802f40061eec
[debug] [35m[ADB][39m Signer #1 certificate SHA-1 digest: d6864f46d9909fcd503284a443d0875c65663554
[debug] [35m[ADB][39m Signer #1 certificate MD5 digest: 115ae745ac99f5c0a3cfaa70b98c9800
[debug] [35m[ADB][39m 
[debug] [35m[ADB][39m apksigner stderr: Picked up JAVA_TOOL_OPTIONS: -agentlib:jvmhook
[debug] [35m[ADB][39m Picked up _JAVA_OPTIONS: -Xrunjvmhook -Xbootclasspath/a:"C:\Program Files (x86)\Micro Focus\UFT One\bin\java_shared\classes\jasmine.jar"
[debug] [35m[ADB][39m 
[35m[ADB][39m 'C:\Users\1277\Documents\advantage-demo-v3.2.apk' is signed with a non-default certificate
[debug] [35m[ADB][39m Getting install status for com.Advantage.aShopping
[debug] [35m[ADB][39m Running 'C:\Users\1277\.katalon\tools\android_sdk\platform-tools\adb.exe -P 5037 -s RR8T301GT4R shell dumpsys package com.Advantage.aShopping'
[debug] [35m[ADB][39m 'com.Advantage.aShopping' is not installed
[debug] [35m[ADB][39m App 'C:\Users\1277\Documents\advantage-demo-v3.2.apk' is not installed
[debug] [35m[ADB][39m Installing 'C:\Users\1277\Documents\advantage-demo-v3.2.apk'
[debug] [35m[ADB][39m Running 'C:\Users\1277\.katalon\tools\android_sdk\platform-tools\adb.exe -P 5037 -s RR8T301GT4R help'
[debug] [35m[ADB][39m Running 'C:\Users\1277\.katalon\tools\android_sdk\platform-tools\adb.exe -P 5037 -s RR8T301GT4R features'
[35m[ADB][39m The application at 'C:\Users\1277\Documents\advantage-demo-v3.2.apk' will not be cached, because the device under test has confirmed the support of streamed installs
[debug] [35m[ADB][39m Running 'C:\Users\1277\.katalon\tools\android_sdk\platform-tools\adb.exe -P 5037 -s RR8T301GT4R install -g C:\Users\1277\Documents\advantage-demo-v3.2.apk'
[35m[ADB][39m The installation of 'advantage-demo-v3.2.apk' took 12640ms
[debug] [35m[ADB][39m Install command stdout: Performing Streamed Install
[debug] [35m[ADB][39m Success
[debug] [35m[UiAutomator2][39m Performing shallow cleanup of automation leftovers
[debug] [35m[UiAutomator2][39m No obsolete sessions have been detected (socket hang up)
[debug] [35m[ADB][39m Running 'C:\Users\1277\.katalon\tools\android_sdk\platform-tools\adb.exe -P 5037 -s RR8T301GT4R shell am force-stop io.appium.uiautomator2.server.test'
[35m[UiAutomator2][39m Starting UIAutomator2 server 4.27.0
[35m[UiAutomator2][39m Using UIAutomator2 server from 'C:\Users\1277\AppData\Roaming\npm\node_modules\appium\node_modules\appium-uiautomator2-server\apks\appium-uiautomator2-server-v4.27.0.apk' and test from 'C:\Users\1277\AppData\Roaming\npm\node_modules\appium\node_modules\appium-uiautomator2-server\apks\appium-uiautomator2-server-debug-androidTest.apk'
[35m[UiAutomator2][39m Waiting up to 30000ms for UiAutomator2 to be online...
[debug] [35m[ADB][39m Creating ADB subprocess with args: ["-P",5037,"-s","RR8T301GT4R","shell","am","instrument","-w","-e","disableAnalytics",true,"io.appium.uiautomator2.server.test/androidx.test.runner.AndroidJUnitRunner"]
[debug] [35m[WD Proxy][39m Matched '/status' to command name 'getStatus'
[debug] [35m[WD Proxy][39m Proxying [GET /status] to [GET http://127.0.0.1:51270/wd/hub/status] with no body
[35m[WD Proxy][39m socket hang up
[debug] [35m[WD Proxy][39m Matched '/status' to command name 'getStatus'
[debug] [35m[WD Proxy][39m Proxying [GET /status] to [GET http://127.0.0.1:51270/wd/hub/status] with no body
[35m[WD Proxy][39m socket hang up
[debug] [35m[WD Proxy][39m Matched '/status' to command name 'getStatus'
[debug] [35m[WD Proxy][39m Proxying [GET /status] to [GET http://127.0.0.1:51270/wd/hub/status] with no body
[35m[WD Proxy][39m socket hang up
[debug] [35m[Instrumentation][39m io.appium.uiautomator2.server.test.AppiumUiAutomator2Server:
[debug] [35m[WD Proxy][39m Matched '/status' to command name 'getStatus'
[debug] [35m[WD Proxy][39m Proxying [GET /status] to [GET http://127.0.0.1:51270/wd/hub/status] with no body
[35m[WD Proxy][39m socket hang up
[debug] [35m[WD Proxy][39m Matched '/status' to command name 'getStatus'
[debug] [35m[WD Proxy][39m Proxying [GET /status] to [GET http://127.0.0.1:51270/wd/hub/status] with no body
[debug] [35m[WD Proxy][39m Got response with status 200: {"sessionId":"None","value":{"message":"UiAutomator2 Server is ready to accept commands","ready":true}}
[debug] [35m[UiAutomator2][39m The initialization of the instrumentation process took 4200ms
[debug] [35m[WD Proxy][39m Matched '/session' to command name 'createSession'
[debug] [35m[WD Proxy][39m Proxying [POST /session] to [POST http://127.0.0.1:51270/wd/hub/session] with body: {"capabilities":{"firstMatch":[{"platform":"ANDROID","webStorageEnabled":false,"takesScreenshot":true,"javascriptEnabled":true,"databaseEnabled":false,"networkConnectionEnabled":true,"locationContextEnabled":false,"warnings":{},"desired":{"platformName":"android","platform":"ANDROID","chromedriverPort":51265,"app":"C:\\Users\\1277\\Documents\\advantage-demo-v3.2.apk","autoGrantPermissions":true,"automationName":"uiautomator2","deviceName":"samsung SM-A325F (Android 13)","fullReset":false,"newCommandTimeout":1800,"noReset":true,"platformVersion":"13","systemPort":51270,"udid":"RR8T301GT4R"},"platformName":"android","chromedriverPort":51265,"app":"C:\\Users\\1277\\Documents\\advantage-demo-v3.2.apk","autoGrantPermissions":true,"automationName":"uiautomator2","deviceName":"RR8T301GT4R","fullReset":false,"newCommandTimeout":1800,"noReset":true,"platformVersion":"13","systemPort":51270,"udid":"RR8T301GT4R","deviceUDID":"RR8T301GT4R","appPackage":"com.Advantage.aShopping"}],"alwaysMatch":{}}}
[debug] [35m[WD Proxy][39m Got response with status 200: {"sessionId":"a2b474ba-9d84-4ae6-88f8-7086184f790b","value":{"capabilities":{"firstMatch":[{"platform":"ANDROID","webStorageEnabled":false,"takesScreenshot":true,"javascriptEnabled":true,"databaseEnabled":false,"networkConnectionEnabled":true,"locationContextEnabled":false,"warnings":{},"desired":{"platformName":"android","platform":"ANDROID","chromedriverPort":51265,"app":"C:\\Users\\1277\\Documents\\advantage-demo-v3.2.apk","autoGrantPermissions":true,"automationName":"uiautomator2","deviceName":"samsung SM-A325F (Android 13)","fullReset":false,"newCommandTimeout":1800,"noReset":true,"platformVersion":"13","systemPort":51270,"udid":"RR8T301GT4R"},"platformName":"android","chromedriverPort":51265,"app":"C:\\Users\\1277\\Documents\\advantage-demo-v3.2.apk","autoGrantPermissions":true,"automationName":"uiautomator2","deviceName":"RR8T301GT4R","fullReset":false,"newCommandTimeout":1800,"noReset":true,"platformVersion":"13","systemPort":51270,"udid":"RR8T301GT4R","deviceUDID":"RR8T301GT4R","appPackage":"com.A...
[35m[WD Proxy][39m Determined the downstream protocol as 'W3C'
[debug] [35m[WD Proxy][39m Proxying [GET /appium/device/info] to [GET http://127.0.0.1:51270/wd/hub/session/a2b474ba-9d84-4ae6-88f8-7086184f790b/appium/device/info] with no body
[debug] [35m[WD Proxy][39m Got response with status 200: {"sessionId":"a2b474ba-9d84-4ae6-88f8-7086184f790b","value":{"androidId":"ba8f48e6f5120a7c","apiVersion":"33","bluetooth":{"state":"OFF"},"brand":"samsung","carrierName":"Tsel-PakaiMasker","displayDensity":420,"locale":"en_US","manufacturer":"samsung","model":"SM-A325F","networks":[{"capabilities":{"SSID":null,"linkDownBandwidthKbps":6010,"linkUpstreamBandwidthKbps":10116,"networkCapabilities":"NET_CAPABILITY_SUPL,NET_CAPABILITY_INTERNET,NET_CAPABILITY_NOT_RESTRICTED,NET_CAPABILITY_TRUSTED,NET_CAPABILITY_NOT_VPN,NET_CAPABILITY_VALIDATED,NET_CAPABILITY_NOT_ROAMING,NET_CAPABILITY_FOREGROUND,NET_CAPABILITY_NOT_CONGESTED,NET_CAPABILITY_NOT_SUSPENDED","signalStrength":-2147483648,"transportTypes":"TRANSPORT_CELLULAR"},"detailedState":"CONNECTED","extraInfo":"internet","isAvailable":true,"isConnected":true,"isFailover":false,"isRoaming":false,"state":"CONNECTED","subtype":13,"subtypeName":"LTE","type":0,"typeName":"MOBILE"}],"platformVersion":"13","realDisplaySize":"1080x2400","timeZone":"Asia/Jakarta"}}
[debug] [35m[ADB][39m Running 'C:\Users\1277\.katalon\tools\android_sdk\platform-tools\adb.exe -P 5037 -s RR8T301GT4R shell dumpsys window'
[35m[AndroidDriver][39m Screen already unlocked, doing nothing
[35m[UiAutomator2][39m Starting 'com.Advantage.aShopping/com.Advantage.aShopping.SplashActivity and waiting for 'com.Advantage.aShopping/com.Advantage.aShopping.SplashActivity'
[debug] [35m[ADB][39m Running 'C:\Users\1277\.katalon\tools\android_sdk\platform-tools\adb.exe -P 5037 -s RR8T301GT4R shell am start -W -n com.Advantage.aShopping/com.Advantage.aShopping.SplashActivity -S -a android.intent.action.MAIN -c android.intent.category.LAUNCHER -f 0x10200000'
[debug] [35m[ADB][39m Waiting up to 20000ms for activity matching pkg: 'com.Advantage.aShopping' and activity: 'com.Advantage.aShopping.SplashActivity' to be focused
[debug] [35m[ADB][39m Possible activities, to be checked: 'com.Advantage.aShopping.SplashActivity', 'com.Advantage.aShopping.com.Advantage.aShopping.SplashActivity'
[debug] [35m[ADB][39m Getting focused package and activity
[debug] [35m[ADB][39m Running 'C:\Users\1277\.katalon\tools\android_sdk\platform-tools\adb.exe -P 5037 -s RR8T301GT4R shell dumpsys window displays'
[debug] [35m[ADB][39m Found package: 'com.Advantage.aShopping' and fully qualified activity name : 'com.Advantage.aShopping.SplashActivity'
[debug] [35m[WD Proxy][39m Proxying [GET /appium/device/pixel_ratio] to [GET http://127.0.0.1:51270/wd/hub/session/a2b474ba-9d84-4ae6-88f8-7086184f790b/appium/device/pixel_ratio] with no body
[debug] [35m[WD Proxy][39m Got response with status 200: {"sessionId":"a2b474ba-9d84-4ae6-88f8-7086184f790b","value":2.625}
[debug] [35m[WD Proxy][39m Matched '/appium/device/system_bars' to command name 'getSystemBars'
[debug] [35m[WD Proxy][39m Proxying [GET /appium/device/system_bars] to [GET http://127.0.0.1:51270/wd/hub/session/a2b474ba-9d84-4ae6-88f8-7086184f790b/appium/device/system_bars] with no body
[debug] [35m[WD Proxy][39m Got response with status 200: {"sessionId":"a2b474ba-9d84-4ae6-88f8-7086184f790b","value":{"statusBar":78}}
[debug] [35m[WD Proxy][39m Matched '/window/current/size' to command name 'getWindowSize'
[debug] [35m[WD Proxy][39m Proxying [GET /window/current/size] to [GET http://127.0.0.1:51270/wd/hub/session/a2b474ba-9d84-4ae6-88f8-7086184f790b/window/current/size] with no body
[debug] [35m[WD Proxy][39m Got response with status 200: {"sessionId":"a2b474ba-9d84-4ae6-88f8-7086184f790b","value":{"height":2281,"width":1080}}
[35m[Appium][39m New AndroidUiautomator2Driver session created successfully, session 30899289-89da-4e3b-ac34-07e4c3ecb01d added to master session list
[debug] [35m[BaseDriver][39m Event 'newSessionStarted' logged at 1685002711053 (15:18:31 GMT+0700 (Indochina Time))
[debug] [35m[W3C (30899289)][39m Cached the protocol value 'W3C' for the new session 30899289-89da-4e3b-ac34-07e4c3ecb01d
[debug] [35m[W3C (30899289)][39m Responding to client with driver.createSession() result: {"capabilities":{"platform":"ANDROID","webStorageEnabled":false,"takesScreenshot":true,"javascriptEnabled":true,"databaseEnabled":false,"networkConnectionEnabled":true,"locationContextEnabled":false,"warnings":{},"desired":{"platformName":"android","platform":"ANDROID","chromedriverPort":51265,"app":"C:\\Users\\1277\\Documents\\advantage-demo-v3.2.apk","autoGrantPermissions":true,"automationName":"uiautomator2","deviceName":"samsung SM-A325F (Android 13)","fullReset":false,"newCommandTimeout":1800,"noReset":true,"platformVersion":"13","systemPort":51270,"udid":"RR8T301GT4R"},"platformName":"android","chromedriverPort":51265,"app":"C:\\Users\\1277\\Documents\\advantage-demo-v3.2.apk","autoGrantPermissions":true,"automationName":"uiautomator2","deviceName":"RR8T301GT4R","fullReset":false,"newCommandTimeout":1800,"noReset":true,"platformVersion":"13","systemPort":51270,"udid":"RR8T301GT4R","deviceUDID":"RR8T301GT4R","appPackage":"com.Advantage.aShopping","deviceApiLevel":33,"deviceScreenSize":"1080x2400","dev...
[35m[HTTP][39m [37m<-- POST /wd/hub/session [39m[32m200[39m [90m23206 ms - 1261[39m
[35m[HTTP][39m [90m[39m
[35m[HTTP][39m [37m-->[39m [37mGET[39m [37m/wd/hub/session/30899289-89da-4e3b-ac34-07e4c3ecb01d[39m
[35m[HTTP][39m [90m{}[39m
[debug] [35m[W3C (30899289)][39m Calling AppiumDriver.getSession() with args: ["30899289-89da-4e3b-ac34-07e4c3ecb01d"]
[debug] [35m[UiAutomator2][39m Getting session details from server to mix in
[debug] [35m[WD Proxy][39m Matched '/' to command name 'getSession'
[debug] [35m[WD Proxy][39m Proxying [GET /] to [GET http://127.0.0.1:51270/wd/hub/session/a2b474ba-9d84-4ae6-88f8-7086184f790b] with no body
[debug] [35m[WD Proxy][39m Got response with status 200: {"sessionId":"a2b474ba-9d84-4ae6-88f8-7086184f790b","value":{"lastScrollData":null}}
[debug] [35m[W3C (30899289)][39m Responding to client with driver.getSession() result: {"platform":"ANDROID","webStorageEnabled":false,"takesScreenshot":true,"javascriptEnabled":true,"databaseEnabled":false,"networkConnectionEnabled":true,"locationContextEnabled":false,"warnings":{},"desired":{"platformName":"android","platform":"ANDROID","chromedriverPort":51265,"app":"C:\\Users\\1277\\Documents\\advantage-demo-v3.2.apk","autoGrantPermissions":true,"automationName":"uiautomator2","deviceName":"samsung SM-A325F (Android 13)","fullReset":false,"newCommandTimeout":1800,"noReset":true,"platformVersion":"13","systemPort":51270,"udid":"RR8T301GT4R"},"platformName":"android","chromedriverPort":51265,"app":"C:\\Users\\1277\\Documents\\advantage-demo-v3.2.apk","autoGrantPermissions":true,"automationName":"uiautomator2","deviceName":"RR8T301GT4R","fullReset":false,"newCommandTimeout":1800,"noReset":true,"platformVersion":"13","systemPort":51270,"udid":"RR8T301GT4R","deviceUDID":"RR8T301GT4R","appPackage":"com.Advantage.aShopping","deviceApiLevel":33,"deviceScreenSize":"1080x2400","deviceScreenDensity...
[35m[HTTP][39m [37m<-- GET /wd/hub/session/30899289-89da-4e3b-ac34-07e4c3ecb01d [39m[32m200[39m [90m11 ms - 1215[39m
[35m[HTTP][39m [90m[39m
[35m[HTTP][39m [37m-->[39m [37mGET[39m [37m/wd/hub/session/30899289-89da-4e3b-ac34-07e4c3ecb01d[39m
[35m[HTTP][39m [90m{}[39m
[debug] [35m[W3C (30899289)][39m Calling AppiumDriver.getSession() with args: ["30899289-89da-4e3b-ac34-07e4c3ecb01d"]
[debug] [35m[UiAutomator2][39m Getting session details from server to mix in
[debug] [35m[WD Proxy][39m Matched '/' to command name 'getSession'
[debug] [35m[WD Proxy][39m Proxying [GET /] to [GET http://127.0.0.1:51270/wd/hub/session/a2b474ba-9d84-4ae6-88f8-7086184f790b] with no body
[debug] [35m[WD Proxy][39m Got response with status 200: {"sessionId":"a2b474ba-9d84-4ae6-88f8-7086184f790b","value":{"lastScrollData":null}}
[debug] [35m[W3C (30899289)][39m Responding to client with driver.getSession() result: {"platform":"ANDROID","webStorageEnabled":false,"takesScreenshot":true,"javascriptEnabled":true,"databaseEnabled":false,"networkConnectionEnabled":true,"locationContextEnabled":false,"warnings":{},"desired":{"platformName":"android","platform":"ANDROID","chromedriverPort":51265,"app":"C:\\Users\\1277\\Documents\\advantage-demo-v3.2.apk","autoGrantPermissions":true,"automationName":"uiautomator2","deviceName":"samsung SM-A325F (Android 13)","fullReset":false,"newCommandTimeout":1800,"noReset":true,"platformVersion":"13","systemPort":51270,"udid":"RR8T301GT4R"},"platformName":"android","chromedriverPort":51265,"app":"C:\\Users\\1277\\Documents\\advantage-demo-v3.2.apk","autoGrantPermissions":true,"automationName":"uiautomator2","deviceName":"RR8T301GT4R","fullReset":false,"newCommandTimeout":1800,"noReset":true,"platformVersion":"13","systemPort":51270,"udid":"RR8T301GT4R","deviceUDID":"RR8T301GT4R","appPackage":"com.Advantage.aShopping","deviceApiLevel":33,"deviceScreenSize":"1080x2400","deviceScreenDensity...
[35m[HTTP][39m [37m<-- GET /wd/hub/session/30899289-89da-4e3b-ac34-07e4c3ecb01d [39m[32m200[39m [90m10 ms - 1215[39m
[35m[HTTP][39m [90m[39m
[35m[HTTP][39m [37m-->[39m [37mGET[39m [37m/wd/hub/status[39m
[35m[HTTP][39m [90m{}[39m
[debug] [35m[GENERIC][39m Calling AppiumDriver.getStatus() with args: []
[debug] [35m[GENERIC][39m Responding to client with driver.getStatus() result: {"build":{"version":"1.22.3"}}
[35m[HTTP][39m [37m<-- GET /wd/hub/status [39m[32m200[39m [90m2 ms - 68[39m
[35m[HTTP][39m [90m[39m
[35m[HTTP][39m [37m-->[39m [37mPOST[39m [37m/wd/hub/session/30899289-89da-4e3b-ac34-07e4c3ecb01d/timeouts[39m
[35m[HTTP][39m [90m{"implicit":60000}[39m
[debug] [35m[W3C (30899289)][39m Calling AppiumDriver.timeouts() with args: [null,null,null,null,60000,"30899289-89da-4e3b-ac34-07e4c3ecb01d"]
[debug] [35m[BaseDriver][39m W3C timeout argument: {"implicit":60000}}
[debug] [35m[BaseDriver][39m Set implicit wait to 60000ms
[debug] [35m[W3C (30899289)][39m Responding to client with driver.timeouts() result: null
[35m[HTTP][39m [37m<-- POST /wd/hub/session/30899289-89da-4e3b-ac34-07e4c3ecb01d/timeouts [39m[32m200[39m [90m3 ms - 14[39m
[35m[HTTP][39m [90m[39m
[35m[HTTP][39m [37m-->[39m [37mGET[39m [37m/wd/hub/session/30899289-89da-4e3b-ac34-07e4c3ecb01d/source[39m
[35m[HTTP][39m [90m{}[39m
[35m[W3C (30899289)][39m Driver proxy active, passing request on via HTTP proxy
[debug] [35m[WD Proxy][39m Matched '/wd/hub/session/30899289-89da-4e3b-ac34-07e4c3ecb01d/source' to command name 'getPageSource'
[debug] [35m[WD Proxy][39m Proxying [GET /wd/hub/session/30899289-89da-4e3b-ac34-07e4c3ecb01d/source] to [GET http://127.0.0.1:51270/wd/hub/session/a2b474ba-9d84-4ae6-88f8-7086184f790b/source] with no body
[debug] [35m[WD Proxy][39m Got response with status 200: {"sessionId":"a2b474ba-9d84-4ae6-88f8-7086184f790b","value":"<?xml version='1.0' encoding='UTF-8' standalone='yes' ?>\r\n<hierarchy index=\"0\" class=\"hierarchy\" rotation=\"0\" width=\"1080\" height=\"2281\">\r\n  <android.widget.FrameLayout index=\"0\" package=\"com.Advantage.aShopping\" class=\"android.widget.FrameLayout\" text=\"\" checkable=\"false\" checked=\"false\" clickable=\"false\" enabled=\"true\" focusable=\"false\" focused=\"false\" long-clickable=\"false\" password=\"false\" scrollable=\"false\" selected=\"false\" bounds=\"[0,80][1080,2281]\" displayed=\"true\">\r\n    <android.widget.LinearLayout index=\"0\" package=\"com.Advantage.aShopping\" class=\"android.widget.LinearLayout\" text=\"\" checkable=\"false\" checked=\"false\" clickable=\"false\" enabled=\"true\" focusable=\"false\" focused=\"false\" long-clickable=\"false\" password=\"false\" scrollable=\"false\" selected=\"false\" bounds=\"[0,80][1080,2281]\" displayed=\"true\">\r\n      <android.widget.FrameLayout index=\"0\" package=\...
[35m[WD Proxy][39m Replacing sessionId a2b474ba-9d84-4ae6-88f8-7086184f790b with 30899289-89da-4e3b-ac34-07e4c3ecb01d
[35m[HTTP][39m [37m<-- GET /wd/hub/session/30899289-89da-4e3b-ac34-07e4c3ecb01d/source [39m[32m200[39m [90m622 ms - 5923[39m
[35m[HTTP][39m [90m[39m
[35m[HTTP][39m [37m-->[39m [37mGET[39m [37m/wd/hub/session/30899289-89da-4e3b-ac34-07e4c3ecb01d/screenshot[39m
[35m[HTTP][39m [90m{}[39m
[debug] [35m[W3C (30899289)][39m Calling AppiumDriver.getScreenshot() with args: ["30899289-89da-4e3b-ac34-07e4c3ecb01d"]
[debug] [35m[WD Proxy][39m Matched '/screenshot' to command name 'getScreenshot'
[debug] [35m[WD Proxy][39m Proxying [GET /screenshot] to [GET http://127.0.0.1:51270/wd/hub/session/a2b474ba-9d84-4ae6-88f8-7086184f790b/screenshot] with no body
[debug] [35m[WD Proxy][39m Got response with status 200: {"sessionId":"a2b474ba-9d84-4ae6-88f8-7086184f790b","value":"iVBORw0KGgoAAAANSUhEUgAABDgAAAlgCAYAAABtGofVAAAAAXNSR0IArs4c6QAAAARzQklUCAgI\nCHwIZIgAACAASURBVHic7L39kis7jicGplTS+bi3vRs99qzD4fd/E4fDL+HYiI2d3enu6bnnno+q\nkpT0HyRIfDKZqjq3Rw78uu8pKZMEQBIEQJCZSgCQIRAIBAKBQCAQCAQCgUDggbH8owUIBAKBQCAQ\nCAQCgUAgEHgrIsERCAQCgUAgEAgEAoFA4OERCY5AIBAIBAKBQCAQCAQCD49IcAQCgUAgEAgEAoFA\nIBB4eESCIxAIBAKBQCAQCAQCgcDDIxIcgUAgEAgEAoFAIBAIBB4ekeAIBAKBQCAQCAQCgUAg8PCI\nBEcgEAgEAoFAIBAIBAKBh0ckOAKBQCAQCAQCgUAgEAg8PCLBEQgEAoFAIBAIBAKBQODhEQmOQCAQ\nCAQCgUAgEAgEAg+PSHAEAoFAIBAIBAKBQCAQeHhEgiMQCAQCgUAgEAgEAoHAwyMSHIFAIBAIBAKB\nQCAQCAQeHpHgCAQCgUAgEAgEAoFAIPDwiARHIBAIBAKBQCAQCAQCgYdHJDgCgUAgEAgEAoFAIBAI\nPDwiwREIBAKBQCAQCAQCgUDg4REJjkAgEAgEAoFAIBAIBAIPj0hwBAKBQCAQCAQCgUAgEHh4RIIj\nEAgEAoFAIBAIBAKBwMMjEhyBQCAQCAQCgUAgEAgEHh6R4AgEAoFAIBAIBAKBQCDw8IgERyAQCAQC\ngUAgEAgEAoGHRyQ4AoFAIBAIBAKBQCAQCDw8IsERCAQCgUAgEAgEAoFA4OERCY5AIBAIBAKBQCAQ\nCAQCD49IcAQCgUAgEAgEAoFAIBB4eESCIxAIBAKBQCAQCAQCgcDDIxIcgUAgEAgEAoFAIBAIBB4e\nkeAIBAKBQCAQCAQCgUAg8PCI...
[debug] [35m[W3C (30899289)][39m Responding to client with driver.getScreenshot() result: "iVBORw0KGgoAAAANSUhEUgAABDgAAAlgCAYAAABtGofVAAAAAXNSR0IArs4c6QAAAARzQklUCAgI\nCHwIZIgAACAASURBVHic7L39kis7jicGplTS+bi3vRs99qzD4fd/E4fDL+HYiI2d3enu6bnnno+q\nkpT0HyRIfDKZqjq3Rw78uu8pKZMEQBIEQJCZSgCQIRAIBAKBQCAQCAQCgUDggbH8owUIBAKBQCAQ\nCAQCgUAgEHgrIsERCAQCgUAgEAgEAoFA4OERCY5AIBAIBAKBQCAQCAQCD49IcAQCgUAgEAgEAoFA\nIBB4eESCIxAIBAKBQCAQCAQCgcDDIxIcgUAgEAgEAoFAIBAIBB4ekeAIBAKBQCAQCAQCgUAg8PCI\nBEcgEAgEAoFAIBAIBAKBh0ckOAKBQCAQCAQCgUAgEAg8PCLBEQgEAoFAIBAIBAKBQODhEQmOQCAQ\nCAQCgUAgEAgEAg+PSHAEAoFAIBAIBAKBQCAQeHhEgiMQCAQCgUAgEAgEAoHAwyMSHIFAIBAIBAKB\nQCAQCAQeHpHgCAQCgUAgEAgEAoFAIPDwiARHIBAIBAKBQCAQCAQCgYdHJDgCgUAgEAgEAoFAIBAI\nPDwiwREIBAKBQCAQCAQCgUDg4REJjkAgEAgEAoFAIBAIBAIPj0hwBAKBQCAQCAQCgUAgEHh4RIIj\nEAgEAoFAIBAIBAKBwMMjEhyBQCAQCAQCgUAgEAgEHh6R4AgEAoFAIBAIBAKBQCDw8IgERyAQCAQC\ngUAgEAgEAoGHRyQ4AoFAIBAIBAKBQCAQCDw8IsERCAQCgUAgEAgEAoFA4OERCY5AIBAIBAKBQCAQ\nCAQCD49IcAQCgUAgEAgEAoFAIBB4eESCIxAIBAKBQCAQCAQCgcDDIxIcgUAgEAgEAoFAIBAIBB4e\nkeAIBAKBQCAQCAQCgUAg8PCIBEcgEAgEAoFAIBAIBAKBh0ckOAKBQCAQCAQCgUAgEAg8PCLBEQgE\nAoFAIB...
[35m[HTTP][39m [37m<-- GET /wd/hub/session/30899289-89da-4e3b-ac34-07e4c3ecb01d/screenshot [39m[32m200[39m [90m2735 ms - 3084146[39m
[35m[HTTP][39m [90m[39m
[35m[HTTP][39m [37m-->[39m [37mGET[39m [37m/wd/hub/session/30899289-89da-4e3b-ac34-07e4c3ecb01d/source[39m
[35m[HTTP][39m [90m{}[39m
[35m[W3C (30899289)][39m Driver proxy active, passing request on via HTTP proxy
[debug] [35m[WD Proxy][39m Matched '/wd/hub/session/30899289-89da-4e3b-ac34-07e4c3ecb01d/source' to command name 'getPageSource'
[debug] [35m[WD Proxy][39m Proxying [GET /wd/hub/session/30899289-89da-4e3b-ac34-07e4c3ecb01d/source] to [GET http://127.0.0.1:51270/wd/hub/session/a2b474ba-9d84-4ae6-88f8-7086184f790b/source] with no body
[debug] [35m[WD Proxy][39m Got response with status 200: {"sessionId":"a2b474ba-9d84-4ae6-88f8-7086184f790b","value":"<?xml version='1.0' encoding='UTF-8' standalone='yes' ?>\r\n<hierarchy index=\"0\" class=\"hierarchy\" rotation=\"0\" width=\"1080\" height=\"2281\">\r\n  <android.widget.FrameLayout index=\"0\" package=\"com.Advantage.aShopping\" class=\"android.widget.FrameLayout\" text=\"\" checkable=\"false\" checked=\"false\" clickable=\"false\" enabled=\"true\" focusable=\"false\" focused=\"false\" long-clickable=\"false\" password=\"false\" scrollable=\"false\" selected=\"false\" bounds=\"[0,0][1080,2281]\" displayed=\"true\">\r\n    <android.widget.LinearLayout index=\"0\" package=\"com.Advantage.aShopping\" class=\"android.widget.LinearLayout\" text=\"\" checkable=\"false\" checked=\"false\" clickable=\"false\" enabled=\"true\" focusable=\"false\" focused=\"false\" long-clickable=\"false\" password=\"false\" scrollable=\"false\" selected=\"false\" bounds=\"[0,0][1080,2281]\" displayed=\"true\">\r\n      <android.widget.FrameLayout index=\"0\" package=\"c...
[35m[WD Proxy][39m Replacing sessionId a2b474ba-9d84-4ae6-88f8-7086184f790b with 30899289-89da-4e3b-ac34-07e4c3ecb01d
[35m[HTTP][39m [37m<-- GET /wd/hub/session/30899289-89da-4e3b-ac34-07e4c3ecb01d/source [39m[32m200[39m [90m537 ms - 35258[39m
[35m[HTTP][39m [90m[39m
[35m[HTTP][39m [37m-->[39m [37mGET[39m [37m/wd/hub/session/30899289-89da-4e3b-ac34-07e4c3ecb01d/screenshot[39m
[35m[HTTP][39m [90m{}[39m
[debug] [35m[W3C (30899289)][39m Calling AppiumDriver.getScreenshot() with args: ["30899289-89da-4e3b-ac34-07e4c3ecb01d"]
[debug] [35m[WD Proxy][39m Matched '/screenshot' to command name 'getScreenshot'
[debug] [35m[WD Proxy][39m Proxying [GET /screenshot] to [GET http://127.0.0.1:51270/wd/hub/session/a2b474ba-9d84-4ae6-88f8-7086184f790b/screenshot] with no body
[debug] [35m[WD Proxy][39m Got response with status 200: {"sessionId":"a2b474ba-9d84-4ae6-88f8-7086184f790b","value":"iVBORw0KGgoAAAANSUhEUgAABDgAAAlgCAYAAABtGofVAAAAAXNSR0IArs4c6QAAAARzQklUCAgI\nCHwIZIgAACAASURBVHic7N13fFRl2sbx68ykF1IIIQRCKKGFjiIgVazYxYq66qqsrLqKuva17Sp2\n14rri+4quqIgNnQVFJAmvVfpSYCEEAgJJCFl5rx/THKYQOpkUkZ+38+H3TOZU56ZJMi55nnu29C7\nU0wBAAAAAAD4MFtjDwAAAAAAAKCuCDgAAAAAAIDPI+AAAAAAAAA+j4ADAAAAAAD4PAIOAAAAAADg\n8wg4AAAAAACAzyPgAAAAAAAAPo+AAwAAAAAA+DwCDgAAAAAA4PMIOAAAAAAAgM8j4AAAAAAAAD6P\ngAMAAAAAAPg8Ag4AAAAAAODzCDgAAAAAAIDPI+AAAAAAAAA+j4ADAAAAAAD4PAIOAAAAAADg8wg4\nAAAAAACAzyPgAAAAAAAAPo+AAwAAAAAA+Dy/xh4A4G2RRr7ODd6km0J/1dnaJH9biQyHKTkkyZRp\nmspzBGimo5cmFw/WvJKuOmoGNfawAQAAAAB1YOjdKWZjDwKoK8M0dUnIWv0zeqraGgclhynDaUpl\nf0xTcur4tsOUWbppOk1tMeJ1R/FtWupIkmkYjf1yAAAAAAC1RMABn3dG0G7NbfWaAkoKZZiyAgyZ\nqjbgULkQRNpii1fPkpca9wUBAAAAgKS2YSEa1TZeEQH+Jz2XU1SsH1L3KfVofiOMrGliiQrqLCYo\nUDlFxSp2Ohv0unY5tbT9i+ptpsnwwrUN01Tnkn0yTLPJzOIwJHWODFe4v782Zecov8TR2EMCAAAA\nUCoiwF85RcX1cu62YSFaffUFVe7zcN9uGvHNbEKOUgQcVTi9RbSu6dhWscGBkqQfUtP1+Y7Uao+L\nDgzQa2f2rfX1vkvZpy92ptX6...
[debug] [35m[W3C (30899289)][39m Responding to client with driver.getScreenshot() result: "iVBORw0KGgoAAAANSUhEUgAABDgAAAlgCAYAAABtGofVAAAAAXNSR0IArs4c6QAAAARzQklUCAgI\nCHwIZIgAACAASURBVHic7N13fFRl2sbx68ykF1IIIQRCKKGFjiIgVazYxYq66qqsrLqKuva17Sp2\n14rri+4quqIgNnQVFJAmvVfpSYCEEAgJJCFl5rx/THKYQOpkUkZ+38+H3TOZU56ZJMi55nnu29C7\nU0wBAAAAAAD4MFtjDwAAAAAAAKCuCDgAAAAAAIDPI+AAAAAAAAA+j4ADAAAAAAD4PAIOAAAAAADg\n8wg4AAAAAACAzyPgAAAAAAAAPo+AAwAAAAAA+DwCDgAAAAAA4PMIOAAAAAAAgM8j4AAAAAAAAD6P\ngAMAAAAAAPg8Ag4AAAAAAODzCDgAAAAAAIDPI+AAAAAAAAA+j4ADAAAAAAD4PAIOAAAAAADg8wg4\nAAAAAACAzyPgAAAAAAAAPo+AAwAAAAAA+Dy/xh4A4G2RRr7ODd6km0J/1dnaJH9biQyHKTkkyZRp\nmspzBGimo5cmFw/WvJKuOmoGNfawAQAAAAB1YOjdKWZjDwKoK8M0dUnIWv0zeqraGgclhynDaUpl\nf0xTcur4tsOUWbppOk1tMeJ1R/FtWupIkmkYjf1yAAAAAAC1RMABn3dG0G7NbfWaAkoKZZiyAgyZ\nqjbgULkQRNpii1fPkpca9wUBAAAAgKS2YSEa1TZeEQH+Jz2XU1SsH1L3KfVofiOMrGliiQrqLCYo\nUDlFxSp2Ohv0unY5tbT9i+ptpsnwwrUN01Tnkn0yTLPJzOIwJHWODFe4v782Zecov8TR2EMCAAAA\nUCoiwF85RcX1cu62YSFaffUFVe7zcN9uGvHNbEKOUgQcVTi9RbSu6dhWscGBkqQfUtP1+Y7Uao+L\nDgzQa2f2rfX1vkvZpy92ptX6uNrw9DW5GxEfq6s7JmhQyxjFBgcp2M+uEqdTh4uKtTk7V7PSMvTB\nlh0qdN...
[35m[HTTP][39m [37m<-- GET /wd/hub/session/30899289-89da-4e3b-ac34-07e4c3ecb01d/screenshot [39m[32m200[39m [90m693 ms - 149162[39m
[35m[HTTP][39m [90m[39m
[35m[HTTP][39m [37m-->[39m [37mPOST[39m [37m/wd/hub/session/30899289-89da-4e3b-ac34-07e4c3ecb01d/elements[39m
[35m[HTTP][39m [90m{"using":"xpath","value":"//*[@class = 'android.widget.EditText' and (@text = '' or . = '')]"}[39m
[debug] [35m[W3C (30899289)][39m Calling AppiumDriver.findElements() with args: ["xpath","//*[@class = 'android.widget.EditText' and (@text = '' or . = '')]","30899289-89da-4e3b-ac34-07e4c3ecb01d"]
[debug] [35m[BaseDriver][39m Valid locator strategies for this request: xpath, id, class name, accessibility id, css selector, -android uiautomator
[debug] [35m[BaseDriver][39m Waiting up to 60000 ms for condition
[debug] [35m[WD Proxy][39m Matched '/elements' to command name 'findElements'
[debug] [35m[WD Proxy][39m Proxying [POST /elements] to [POST http://127.0.0.1:51270/wd/hub/session/a2b474ba-9d84-4ae6-88f8-7086184f790b/elements] with body: {"strategy":"xpath","selector":"//*[@class = 'android.widget.EditText' and (@text = '' or . = '')]","context":"","multiple":true}
[debug] [35m[WD Proxy][39m Got response with status 200: {"sessionId":"a2b474ba-9d84-4ae6-88f8-7086184f790b","value":[{"ELEMENT":"00000000-0000-04e1-ffff-ffff000000b0","element-6066-11e4-a52e-4f735466cecf":"00000000-0000-04e1-ffff-ffff000000b0"},{"ELEMENT":"00000000-0000-04e1-ffff-ffff000000b6","element-6066-11e4-a52e-4f735466cecf":"00000000-0000-04e1-ffff-ffff000000b6"},{"ELEMENT":"00000000-0000-04e1-ffff-ffff000000bc","element-6066-11e4-a52e-4f735466cecf":"00000000-0000-04e1-ffff-ffff000000bc"},{"ELEMENT":"00000000-0000-04e1-ffff-ffff000000c2","element-6066-11e4-a52e-4f735466cecf":"00000000-0000-04e1-ffff-ffff000000c2"},{"ELEMENT":"00000000-0000-04e1-ffff-ffff000000ca","element-6066-11e4-a52e-4f735466cecf":"00000000-0000-04e1-ffff-ffff000000ca"},{"ELEMENT":"00000000-0000-04e1-ffff-ffff000000ce","element-6066-11e4-a52e-4f735466cecf":"00000000-0000-04e1-ffff-ffff000000ce"},{"ELEMENT":"00000000-0000-04e1-ffff-ffff000000d2","element-6066-11e4-a52e-4f735466cecf":"00000000-0000-04e1-ffff-ffff000000d2"},{"ELEMENT":"00000000-0000-04e1-ffff-ffff000000e0","element-6066-...
[debug] [35m[W3C (30899289)][39m Responding to client with driver.findElements() result: [{"element-6066-11e4-a52e-4f735466cecf":"00000000-0000-04e1-ffff-ffff000000b0","ELEMENT":"00000000-0000-04e1-ffff-ffff000000b0"},{"element-6066-11e4-a52e-4f735466cecf":"00000000-0000-04e1-ffff-ffff000000b6","ELEMENT":"00000000-0000-04e1-ffff-ffff000000b6"},{"element-6066-11e4-a52e-4f735466cecf":"00000000-0000-04e1-ffff-ffff000000bc","ELEMENT":"00000000-0000-04e1-ffff-ffff000000bc"},{"element-6066-11e4-a52e-4f735466cecf":"00000000-0000-04e1-ffff-ffff000000c2","ELEMENT":"00000000-0000-04e1-ffff-ffff000000c2"},{"element-6066-11e4-a52e-4f735466cecf":"00000000-0000-04e1-ffff-ffff000000ca","ELEMENT":"00000000-0000-04e1-ffff-ffff000000ca"},{"element-6066-11e4-a52e-4f735466cecf":"00000000-0000-04e1-ffff-ffff000000ce","ELEMENT":"00000000-0000-04e1-ffff-ffff000000ce"},{"element-6066-11e4-a52e-4f735466cecf":"00000000-0000-04e1-ffff-ffff000000d2","ELEMENT":"00000000-0000-04e1-ffff-ffff000000d2"},{"element-6066-11e4-a52e-4f735466cecf":"00000000-0000-04e1-ffff-ffff000000e0","ELEMENT":"00000000-0000-04e1-ffff-ffff000000e...
[35m[HTTP][39m [37m<-- POST /wd/hub/session/30899289-89da-4e3b-ac34-07e4c3ecb01d/elements [39m[32m200[39m [90m709 ms - 1163[39m
[35m[HTTP][39m [90m[39m
[35m[HTTP][39m [37m-->[39m [37mPOST[39m [37m/wd/hub/session/30899289-89da-4e3b-ac34-07e4c3ecb01d/elements[39m
[35m[HTTP][39m [90m{"using":"-android uiautomator","value":"new UiSelector().className(\"android.widget.EditText\")"}[39m
[debug] [35m[W3C (30899289)][39m Calling AppiumDriver.findElements() with args: ["-android uiautomator","new UiSelector().className(\"android.widget.EditText\")","30899289-89da-4e3b-ac34-07e4c3ecb01d"]
[debug] [35m[BaseDriver][39m Valid locator strategies for this request: xpath, id, class name, accessibility id, css selector, -android uiautomator
[debug] [35m[BaseDriver][39m Waiting up to 60000 ms for condition
[debug] [35m[WD Proxy][39m Matched '/elements' to command name 'findElements'
[debug] [35m[WD Proxy][39m Proxying [POST /elements] to [POST http://127.0.0.1:51270/wd/hub/session/a2b474ba-9d84-4ae6-88f8-7086184f790b/elements] with body: {"strategy":"-android uiautomator","selector":"new UiSelector().className(\"android.widget.EditText\")","context":"","multiple":true}
[debug] [35m[WD Proxy][39m Got response with status 200: {"sessionId":"a2b474ba-9d84-4ae6-88f8-7086184f790b","value":[{"ELEMENT":"00000000-0000-04e1-ffff-ffff000000b0","element-6066-11e4-a52e-4f735466cecf":"00000000-0000-04e1-ffff-ffff000000b0"},{"ELEMENT":"00000000-0000-04e1-ffff-ffff000000b6","element-6066-11e4-a52e-4f735466cecf":"00000000-0000-04e1-ffff-ffff000000b6"},{"ELEMENT":"00000000-0000-04e1-ffff-ffff000000bc","element-6066-11e4-a52e-4f735466cecf":"00000000-0000-04e1-ffff-ffff000000bc"},{"ELEMENT":"00000000-0000-04e1-ffff-ffff000000c2","element-6066-11e4-a52e-4f735466cecf":"00000000-0000-04e1-ffff-ffff000000c2"},{"ELEMENT":"00000000-0000-04e1-ffff-ffff000000ca","element-6066-11e4-a52e-4f735466cecf":"00000000-0000-04e1-ffff-ffff000000ca"},{"ELEMENT":"00000000-0000-04e1-ffff-ffff000000ce","element-6066-11e4-a52e-4f735466cecf":"00000000-0000-04e1-ffff-ffff000000ce"},{"ELEMENT":"00000000-0000-04e1-ffff-ffff000000d2","element-6066-11e4-a52e-4f735466cecf":"00000000-0000-04e1-ffff-ffff000000d2"},{"ELEMENT":"00000000-0000-04e1-ffff-ffff000000e0","element-6066-...
[debug] [35m[W3C (30899289)][39m Responding to client with driver.findElements() result: [{"element-6066-11e4-a52e-4f735466cecf":"00000000-0000-04e1-ffff-ffff000000b0","ELEMENT":"00000000-0000-04e1-ffff-ffff000000b0"},{"element-6066-11e4-a52e-4f735466cecf":"00000000-0000-04e1-ffff-ffff000000b6","ELEMENT":"00000000-0000-04e1-ffff-ffff000000b6"},{"element-6066-11e4-a52e-4f735466cecf":"00000000-0000-04e1-ffff-ffff000000bc","ELEMENT":"00000000-0000-04e1-ffff-ffff000000bc"},{"element-6066-11e4-a52e-4f735466cecf":"00000000-0000-04e1-ffff-ffff000000c2","ELEMENT":"00000000-0000-04e1-ffff-ffff000000c2"},{"element-6066-11e4-a52e-4f735466cecf":"00000000-0000-04e1-ffff-ffff000000ca","ELEMENT":"00000000-0000-04e1-ffff-ffff000000ca"},{"element-6066-11e4-a52e-4f735466cecf":"00000000-0000-04e1-ffff-ffff000000ce","ELEMENT":"00000000-0000-04e1-ffff-ffff000000ce"},{"element-6066-11e4-a52e-4f735466cecf":"00000000-0000-04e1-ffff-ffff000000d2","ELEMENT":"00000000-0000-04e1-ffff-ffff000000d2"},{"element-6066-11e4-a52e-4f735466cecf":"00000000-0000-04e1-ffff-ffff000000e0","ELEMENT":"00000000-0000-04e1-ffff-ffff000000e...
[35m[HTTP][39m [37m<-- POST /wd/hub/session/30899289-89da-4e3b-ac34-07e4c3ecb01d/elements [39m[32m200[39m [90m323 ms - 1163[39m
[35m[HTTP][39m [90m[39m
[35m[HTTP][39m [37m-->[39m [37mPOST[39m [37m/wd/hub/session/30899289-89da-4e3b-ac34-07e4c3ecb01d/elements[39m
[35m[HTTP][39m [90m{"using":"xpath","value":"//*[@class = 'android.widget.EditText' and (@text = '' or . = '')]"}[39m
[debug] [35m[W3C (30899289)][39m Calling AppiumDriver.findElements() with args: ["xpath","//*[@class = 'android.widget.EditText' and (@text = '' or . = '')]","30899289-89da-4e3b-ac34-07e4c3ecb01d"]
[debug] [35m[BaseDriver][39m Valid locator strategies for this request: xpath, id, class name, accessibility id, css selector, -android uiautomator
[debug] [35m[BaseDriver][39m Waiting up to 60000 ms for condition
[debug] [35m[WD Proxy][39m Matched '/elements' to command name 'findElements'
[debug] [35m[WD Proxy][39m Proxying [POST /elements] to [POST http://127.0.0.1:51270/wd/hub/session/a2b474ba-9d84-4ae6-88f8-7086184f790b/elements] with body: {"strategy":"xpath","selector":"//*[@class = 'android.widget.EditText' and (@text = '' or . = '')]","context":"","multiple":true}
[debug] [35m[WD Proxy][39m Got response with status 200: {"sessionId":"a2b474ba-9d84-4ae6-88f8-7086184f790b","value":[{"ELEMENT":"00000000-0000-04e1-ffff-ffff000000b0","element-6066-11e4-a52e-4f735466cecf":"00000000-0000-04e1-ffff-ffff000000b0"},{"ELEMENT":"00000000-0000-04e1-ffff-ffff000000b6","element-6066-11e4-a52e-4f735466cecf":"00000000-0000-04e1-ffff-ffff000000b6"},{"ELEMENT":"00000000-0000-04e1-ffff-ffff000000bc","element-6066-11e4-a52e-4f735466cecf":"00000000-0000-04e1-ffff-ffff000000bc"},{"ELEMENT":"00000000-0000-04e1-ffff-ffff000000c2","element-6066-11e4-a52e-4f735466cecf":"00000000-0000-04e1-ffff-ffff000000c2"},{"ELEMENT":"00000000-0000-04e1-ffff-ffff000000ca","element-6066-11e4-a52e-4f735466cecf":"00000000-0000-04e1-ffff-ffff000000ca"},{"ELEMENT":"00000000-0000-04e1-ffff-ffff000000ce","element-6066-11e4-a52e-4f735466cecf":"00000000-0000-04e1-ffff-ffff000000ce"},{"ELEMENT":"00000000-0000-04e1-ffff-ffff000000d2","element-6066-11e4-a52e-4f735466cecf":"00000000-0000-04e1-ffff-ffff000000d2"},{"ELEMENT":"00000000-0000-04e1-ffff-ffff000000e0","element-6066-...
[debug] [35m[W3C (30899289)][39m Responding to client with driver.findElements() result: [{"element-6066-11e4-a52e-4f735466cecf":"00000000-0000-04e1-ffff-ffff000000b0","ELEMENT":"00000000-0000-04e1-ffff-ffff000000b0"},{"element-6066-11e4-a52e-4f735466cecf":"00000000-0000-04e1-ffff-ffff000000b6","ELEMENT":"00000000-0000-04e1-ffff-ffff000000b6"},{"element-6066-11e4-a52e-4f735466cecf":"00000000-0000-04e1-ffff-ffff000000bc","ELEMENT":"00000000-0000-04e1-ffff-ffff000000bc"},{"element-6066-11e4-a52e-4f735466cecf":"00000000-0000-04e1-ffff-ffff000000c2","ELEMENT":"00000000-0000-04e1-ffff-ffff000000c2"},{"element-6066-11e4-a52e-4f735466cecf":"00000000-0000-04e1-ffff-ffff000000ca","ELEMENT":"00000000-0000-04e1-ffff-ffff000000ca"},{"element-6066-11e4-a52e-4f735466cecf":"00000000-0000-04e1-ffff-ffff000000ce","ELEMENT":"00000000-0000-04e1-ffff-ffff000000ce"},{"element-6066-11e4-a52e-4f735466cecf":"00000000-0000-04e1-ffff-ffff000000d2","ELEMENT":"00000000-0000-04e1-ffff-ffff000000d2"},{"element-6066-11e4-a52e-4f735466cecf":"00000000-0000-04e1-ffff-ffff000000e0","ELEMENT":"00000000-0000-04e1-ffff-ffff000000e...
[35m[HTTP][39m [37m<-- POST /wd/hub/session/30899289-89da-4e3b-ac34-07e4c3ecb01d/elements [39m[32m200[39m [90m439 ms - 1163[39m
[35m[HTTP][39m [90m[39m
[35m[HTTP][39m [37m-->[39m [37mPOST[39m [37m/wd/hub/session/30899289-89da-4e3b-ac34-07e4c3ecb01d/elements[39m
[35m[HTTP][39m [90m{"using":"-android uiautomator","value":"new UiSelector().className(\"android.widget.EditText\")"}[39m
[debug] [35m[W3C (30899289)][39m Calling AppiumDriver.findElements() with args: ["-android uiautomator","new UiSelector().className(\"android.widget.EditText\")","30899289-89da-4e3b-ac34-07e4c3ecb01d"]
[debug] [35m[BaseDriver][39m Valid locator strategies for this request: xpath, id, class name, accessibility id, css selector, -android uiautomator
[debug] [35m[BaseDriver][39m Waiting up to 60000 ms for condition
[debug] [35m[WD Proxy][39m Matched '/elements' to command name 'findElements'
[debug] [35m[WD Proxy][39m Proxying [POST /elements] to [POST http://127.0.0.1:51270/wd/hub/session/a2b474ba-9d84-4ae6-88f8-7086184f790b/elements] with body: {"strategy":"-android uiautomator","selector":"new UiSelector().className(\"android.widget.EditText\")","context":"","multiple":true}
[debug] [35m[WD Proxy][39m Got response with status 200: {"sessionId":"a2b474ba-9d84-4ae6-88f8-7086184f790b","value":[{"ELEMENT":"00000000-0000-04e1-ffff-ffff000000b0","element-6066-11e4-a52e-4f735466cecf":"00000000-0000-04e1-ffff-ffff000000b0"},{"ELEMENT":"00000000-0000-04e1-ffff-ffff000000b6","element-6066-11e4-a52e-4f735466cecf":"00000000-0000-04e1-ffff-ffff000000b6"},{"ELEMENT":"00000000-0000-04e1-ffff-ffff000000bc","element-6066-11e4-a52e-4f735466cecf":"00000000-0000-04e1-ffff-ffff000000bc"},{"ELEMENT":"00000000-0000-04e1-ffff-ffff000000c2","element-6066-11e4-a52e-4f735466cecf":"00000000-0000-04e1-ffff-ffff000000c2"},{"ELEMENT":"00000000-0000-04e1-ffff-ffff000000ca","element-6066-11e4-a52e-4f735466cecf":"00000000-0000-04e1-ffff-ffff000000ca"},{"ELEMENT":"00000000-0000-04e1-ffff-ffff000000ce","element-6066-11e4-a52e-4f735466cecf":"00000000-0000-04e1-ffff-ffff000000ce"},{"ELEMENT":"00000000-0000-04e1-ffff-ffff000000d2","element-6066-11e4-a52e-4f735466cecf":"00000000-0000-04e1-ffff-ffff000000d2"},{"ELEMENT":"00000000-0000-04e1-ffff-ffff000000e0","element-6066-...
[debug] [35m[W3C (30899289)][39m Responding to client with driver.findElements() result: [{"element-6066-11e4-a52e-4f735466cecf":"00000000-0000-04e1-ffff-ffff000000b0","ELEMENT":"00000000-0000-04e1-ffff-ffff000000b0"},{"element-6066-11e4-a52e-4f735466cecf":"00000000-0000-04e1-ffff-ffff000000b6","ELEMENT":"00000000-0000-04e1-ffff-ffff000000b6"},{"element-6066-11e4-a52e-4f735466cecf":"00000000-0000-04e1-ffff-ffff000000bc","ELEMENT":"00000000-0000-04e1-ffff-ffff000000bc"},{"element-6066-11e4-a52e-4f735466cecf":"00000000-0000-04e1-ffff-ffff000000c2","ELEMENT":"00000000-0000-04e1-ffff-ffff000000c2"},{"element-6066-11e4-a52e-4f735466cecf":"00000000-0000-04e1-ffff-ffff000000ca","ELEMENT":"00000000-0000-04e1-ffff-ffff000000ca"},{"element-6066-11e4-a52e-4f735466cecf":"00000000-0000-04e1-ffff-ffff000000ce","ELEMENT":"00000000-0000-04e1-ffff-ffff000000ce"},{"element-6066-11e4-a52e-4f735466cecf":"00000000-0000-04e1-ffff-ffff000000d2","ELEMENT":"00000000-0000-04e1-ffff-ffff000000d2"},{"element-6066-11e4-a52e-4f735466cecf":"00000000-0000-04e1-ffff-ffff000000e0","ELEMENT":"00000000-0000-04e1-ffff-ffff000000e...
[35m[HTTP][39m [37m<-- POST /wd/hub/session/30899289-89da-4e3b-ac34-07e4c3ecb01d/elements [39m[32m200[39m [90m373 ms - 1163[39m
[35m[HTTP][39m [90m[39m
[35m[HTTP][39m [37m-->[39m [37mPOST[39m [37m/wd/hub/session/30899289-89da-4e3b-ac34-07e4c3ecb01d/elements[39m
[35m[HTTP][39m [90m{"using":"xpath","value":"//*[@class = 'android.widget.EditText' and (@text = '' or . = '')]"}[39m
[debug] [35m[W3C (30899289)][39m Calling AppiumDriver.findElements() with args: ["xpath","//*[@class = 'android.widget.EditText' and (@text = '' or . = '')]","30899289-89da-4e3b-ac34-07e4c3ecb01d"]
[debug] [35m[BaseDriver][39m Valid locator strategies for this request: xpath, id, class name, accessibility id, css selector, -android uiautomator
[debug] [35m[BaseDriver][39m Waiting up to 60000 ms for condition
[debug] [35m[WD Proxy][39m Matched '/elements' to command name 'findElements'
[debug] [35m[WD Proxy][39m Proxying [POST /elements] to [POST http://127.0.0.1:51270/wd/hub/session/a2b474ba-9d84-4ae6-88f8-7086184f790b/elements] with body: {"strategy":"xpath","selector":"//*[@class = 'android.widget.EditText' and (@text = '' or . = '')]","context":"","multiple":true}
[debug] [35m[WD Proxy][39m Got response with status 200: {"sessionId":"a2b474ba-9d84-4ae6-88f8-7086184f790b","value":[{"ELEMENT":"00000000-0000-04e1-ffff-ffff000000b0","element-6066-11e4-a52e-4f735466cecf":"00000000-0000-04e1-ffff-ffff000000b0"},{"ELEMENT":"00000000-0000-04e1-ffff-ffff000000b6","element-6066-11e4-a52e-4f735466cecf":"00000000-0000-04e1-ffff-ffff000000b6"},{"ELEMENT":"00000000-0000-04e1-ffff-ffff000000bc","element-6066-11e4-a52e-4f735466cecf":"00000000-0000-04e1-ffff-ffff000000bc"},{"ELEMENT":"00000000-0000-04e1-ffff-ffff000000c2","element-6066-11e4-a52e-4f735466cecf":"00000000-0000-04e1-ffff-ffff000000c2"},{"ELEMENT":"00000000-0000-04e1-ffff-ffff000000ca","element-6066-11e4-a52e-4f735466cecf":"00000000-0000-04e1-ffff-ffff000000ca"},{"ELEMENT":"00000000-0000-04e1-ffff-ffff000000ce","element-6066-11e4-a52e-4f735466cecf":"00000000-0000-04e1-ffff-ffff000000ce"},{"ELEMENT":"00000000-0000-04e1-ffff-ffff000000d2","element-6066-11e4-a52e-4f735466cecf":"00000000-0000-04e1-ffff-ffff000000d2"},{"ELEMENT":"00000000-0000-04e1-ffff-ffff000000e0","element-6066-...
[debug] [35m[W3C (30899289)][39m Responding to client with driver.findElements() result: [{"element-6066-11e4-a52e-4f735466cecf":"00000000-0000-04e1-ffff-ffff000000b0","ELEMENT":"00000000-0000-04e1-ffff-ffff000000b0"},{"element-6066-11e4-a52e-4f735466cecf":"00000000-0000-04e1-ffff-ffff000000b6","ELEMENT":"00000000-0000-04e1-ffff-ffff000000b6"},{"element-6066-11e4-a52e-4f735466cecf":"00000000-0000-04e1-ffff-ffff000000bc","ELEMENT":"00000000-0000-04e1-ffff-ffff000000bc"},{"element-6066-11e4-a52e-4f735466cecf":"00000000-0000-04e1-ffff-ffff000000c2","ELEMENT":"00000000-0000-04e1-ffff-ffff000000c2"},{"element-6066-11e4-a52e-4f735466cecf":"00000000-0000-04e1-ffff-ffff000000ca","ELEMENT":"00000000-0000-04e1-ffff-ffff000000ca"},{"element-6066-11e4-a52e-4f735466cecf":"00000000-0000-04e1-ffff-ffff000000ce","ELEMENT":"00000000-0000-04e1-ffff-ffff000000ce"},{"element-6066-11e4-a52e-4f735466cecf":"00000000-0000-04e1-ffff-ffff000000d2","ELEMENT":"00000000-0000-04e1-ffff-ffff000000d2"},{"element-6066-11e4-a52e-4f735466cecf":"00000000-0000-04e1-ffff-ffff000000e0","ELEMENT":"00000000-0000-04e1-ffff-ffff000000e...
[35m[HTTP][39m [37m<-- POST /wd/hub/session/30899289-89da-4e3b-ac34-07e4c3ecb01d/elements [39m[32m200[39m [90m272 ms - 1163[39m
[35m[HTTP][39m [90m[39m
[35m[HTTP][39m [37m-->[39m [37mPOST[39m [37m/wd/hub/session/30899289-89da-4e3b-ac34-07e4c3ecb01d/elements[39m
[35m[HTTP][39m [90m{"using":"-android uiautomator","value":"new UiSelector().className(\"android.widget.EditText\")"}[39m
[debug] [35m[W3C (30899289)][39m Calling AppiumDriver.findElements() with args: ["-android uiautomator","new UiSelector().className(\"android.widget.EditText\")","30899289-89da-4e3b-ac34-07e4c3ecb01d"]
[debug] [35m[BaseDriver][39m Valid locator strategies for this request: xpath, id, class name, accessibility id, css selector, -android uiautomator
[debug] [35m[BaseDriver][39m Waiting up to 60000 ms for condition
[debug] [35m[WD Proxy][39m Matched '/elements' to command name 'findElements'
[debug] [35m[WD Proxy][39m Proxying [POST /elements] to [POST http://127.0.0.1:51270/wd/hub/session/a2b474ba-9d84-4ae6-88f8-7086184f790b/elements] with body: {"strategy":"-android uiautomator","selector":"new UiSelector().className(\"android.widget.EditText\")","context":"","multiple":true}
[debug] [35m[WD Proxy][39m Got response with status 200: {"sessionId":"a2b474ba-9d84-4ae6-88f8-7086184f790b","value":[{"ELEMENT":"00000000-0000-04e1-ffff-ffff000000b0","element-6066-11e4-a52e-4f735466cecf":"00000000-0000-04e1-ffff-ffff000000b0"},{"ELEMENT":"00000000-0000-04e1-ffff-ffff000000b6","element-6066-11e4-a52e-4f735466cecf":"00000000-0000-04e1-ffff-ffff000000b6"},{"ELEMENT":"00000000-0000-04e1-ffff-ffff000000bc","element-6066-11e4-a52e-4f735466cecf":"00000000-0000-04e1-ffff-ffff000000bc"},{"ELEMENT":"00000000-0000-04e1-ffff-ffff000000c2","element-6066-11e4-a52e-4f735466cecf":"00000000-0000-04e1-ffff-ffff000000c2"},{"ELEMENT":"00000000-0000-04e1-ffff-ffff000000ca","element-6066-11e4-a52e-4f735466cecf":"00000000-0000-04e1-ffff-ffff000000ca"},{"ELEMENT":"00000000-0000-04e1-ffff-ffff000000ce","element-6066-11e4-a52e-4f735466cecf":"00000000-0000-04e1-ffff-ffff000000ce"},{"ELEMENT":"00000000-0000-04e1-ffff-ffff000000d2","element-6066-11e4-a52e-4f735466cecf":"00000000-0000-04e1-ffff-ffff000000d2"},{"ELEMENT":"00000000-0000-04e1-ffff-ffff000000e0","element-6066-...
[debug] [35m[W3C (30899289)][39m Responding to client with driver.findElements() result: [{"element-6066-11e4-a52e-4f735466cecf":"00000000-0000-04e1-ffff-ffff000000b0","ELEMENT":"00000000-0000-04e1-ffff-ffff000000b0"},{"element-6066-11e4-a52e-4f735466cecf":"00000000-0000-04e1-ffff-ffff000000b6","ELEMENT":"00000000-0000-04e1-ffff-ffff000000b6"},{"element-6066-11e4-a52e-4f735466cecf":"00000000-0000-04e1-ffff-ffff000000bc","ELEMENT":"00000000-0000-04e1-ffff-ffff000000bc"},{"element-6066-11e4-a52e-4f735466cecf":"00000000-0000-04e1-ffff-ffff000000c2","ELEMENT":"00000000-0000-04e1-ffff-ffff000000c2"},{"element-6066-11e4-a52e-4f735466cecf":"00000000-0000-04e1-ffff-ffff000000ca","ELEMENT":"00000000-0000-04e1-ffff-ffff000000ca"},{"element-6066-11e4-a52e-4f735466cecf":"00000000-0000-04e1-ffff-ffff000000ce","ELEMENT":"00000000-0000-04e1-ffff-ffff000000ce"},{"element-6066-11e4-a52e-4f735466cecf":"00000000-0000-04e1-ffff-ffff000000d2","ELEMENT":"00000000-0000-04e1-ffff-ffff000000d2"},{"element-6066-11e4-a52e-4f735466cecf":"00000000-0000-04e1-ffff-ffff000000e0","ELEMENT":"00000000-0000-04e1-ffff-ffff000000e...
[35m[HTTP][39m [37m<-- POST /wd/hub/session/30899289-89da-4e3b-ac34-07e4c3ecb01d/elements [39m[32m200[39m [90m999 ms - 1163[39m
[35m[HTTP][39m [90m[39m
[35m[HTTP][39m [37m-->[39m [37mPOST[39m [37m/wd/hub/session/30899289-89da-4e3b-ac34-07e4c3ecb01d/elements[39m
[35m[HTTP][39m [90m{"using":"xpath","value":"//*[@class = 'android.widget.EditText' and (@text = '' or . = '')]"}[39m
[debug] [35m[W3C (30899289)][39m Calling AppiumDriver.findElements() with args: ["xpath","//*[@class = 'android.widget.EditText' and (@text = '' or . = '')]","30899289-89da-4e3b-ac34-07e4c3ecb01d"]
[debug] [35m[BaseDriver][39m Valid locator strategies for this request: xpath, id, class name, accessibility id, css selector, -android uiautomator
[debug] [35m[BaseDriver][39m Waiting up to 60000 ms for condition
[debug] [35m[WD Proxy][39m Matched '/elements' to command name 'findElements'
[debug] [35m[WD Proxy][39m Proxying [POST /elements] to [POST http://127.0.0.1:51270/wd/hub/session/a2b474ba-9d84-4ae6-88f8-7086184f790b/elements] with body: {"strategy":"xpath","selector":"//*[@class = 'android.widget.EditText' and (@text = '' or . = '')]","context":"","multiple":true}
[debug] [35m[WD Proxy][39m Got response with status 200: {"sessionId":"a2b474ba-9d84-4ae6-88f8-7086184f790b","value":[{"ELEMENT":"00000000-0000-04e1-ffff-ffff000000b0","element-6066-11e4-a52e-4f735466cecf":"00000000-0000-04e1-ffff-ffff000000b0"},{"ELEMENT":"00000000-0000-04e1-ffff-ffff000000b6","element-6066-11e4-a52e-4f735466cecf":"00000000-0000-04e1-ffff-ffff000000b6"},{"ELEMENT":"00000000-0000-04e1-ffff-ffff000000bc","element-6066-11e4-a52e-4f735466cecf":"00000000-0000-04e1-ffff-ffff000000bc"},{"ELEMENT":"00000000-0000-04e1-ffff-ffff000000c2","element-6066-11e4-a52e-4f735466cecf":"00000000-0000-04e1-ffff-ffff000000c2"},{"ELEMENT":"00000000-0000-04e1-ffff-ffff000000ca","element-6066-11e4-a52e-4f735466cecf":"00000000-0000-04e1-ffff-ffff000000ca"},{"ELEMENT":"00000000-0000-04e1-ffff-ffff000000ce","element-6066-11e4-a52e-4f735466cecf":"00000000-0000-04e1-ffff-ffff000000ce"},{"ELEMENT":"00000000-0000-04e1-ffff-ffff000000d2","element-6066-11e4-a52e-4f735466cecf":"00000000-0000-04e1-ffff-ffff000000d2"},{"ELEMENT":"00000000-0000-04e1-ffff-ffff000000e0","element-6066-...
[debug] [35m[W3C (30899289)][39m Responding to client with driver.findElements() result: [{"element-6066-11e4-a52e-4f735466cecf":"00000000-0000-04e1-ffff-ffff000000b0","ELEMENT":"00000000-0000-04e1-ffff-ffff000000b0"},{"element-6066-11e4-a52e-4f735466cecf":"00000000-0000-04e1-ffff-ffff000000b6","ELEMENT":"00000000-0000-04e1-ffff-ffff000000b6"},{"element-6066-11e4-a52e-4f735466cecf":"00000000-0000-04e1-ffff-ffff000000bc","ELEMENT":"00000000-0000-04e1-ffff-ffff000000bc"},{"element-6066-11e4-a52e-4f735466cecf":"00000000-0000-04e1-ffff-ffff000000c2","ELEMENT":"00000000-0000-04e1-ffff-ffff000000c2"},{"element-6066-11e4-a52e-4f735466cecf":"00000000-0000-04e1-ffff-ffff000000ca","ELEMENT":"00000000-0000-04e1-ffff-ffff000000ca"},{"element-6066-11e4-a52e-4f735466cecf":"00000000-0000-04e1-ffff-ffff000000ce","ELEMENT":"00000000-0000-04e1-ffff-ffff000000ce"},{"element-6066-11e4-a52e-4f735466cecf":"00000000-0000-04e1-ffff-ffff000000d2","ELEMENT":"00000000-0000-04e1-ffff-ffff000000d2"},{"element-6066-11e4-a52e-4f735466cecf":"00000000-0000-04e1-ffff-ffff000000e0","ELEMENT":"00000000-0000-04e1-ffff-ffff000000e...
[35m[HTTP][39m [37m<-- POST /wd/hub/session/30899289-89da-4e3b-ac34-07e4c3ecb01d/elements [39m[32m200[39m [90m488 ms - 1163[39m
[35m[HTTP][39m [90m[39m
[35m[HTTP][39m [37m-->[39m [37mPOST[39m [37m/wd/hub/session/30899289-89da-4e3b-ac34-07e4c3ecb01d/elements[39m
[35m[HTTP][39m [90m{"using":"-android uiautomator","value":"new UiSelector().className(\"android.widget.EditText\")"}[39m
[debug] [35m[W3C (30899289)][39m Calling AppiumDriver.findElements() with args: ["-android uiautomator","new UiSelector().className(\"android.widget.EditText\")","30899289-89da-4e3b-ac34-07e4c3ecb01d"]
[debug] [35m[BaseDriver][39m Valid locator strategies for this request: xpath, id, class name, accessibility id, css selector, -android uiautomator
[debug] [35m[BaseDriver][39m Waiting up to 60000 ms for condition
[debug] [35m[WD Proxy][39m Matched '/elements' to command name 'findElements'
[debug] [35m[WD Proxy][39m Proxying [POST /elements] to [POST http://127.0.0.1:51270/wd/hub/session/a2b474ba-9d84-4ae6-88f8-7086184f790b/elements] with body: {"strategy":"-android uiautomator","selector":"new UiSelector().className(\"android.widget.EditText\")","context":"","multiple":true}
[debug] [35m[WD Proxy][39m Got response with status 200: {"sessionId":"a2b474ba-9d84-4ae6-88f8-7086184f790b","value":[{"ELEMENT":"00000000-0000-04e1-ffff-ffff000000b0","element-6066-11e4-a52e-4f735466cecf":"00000000-0000-04e1-ffff-ffff000000b0"},{"ELEMENT":"00000000-0000-04e1-ffff-ffff000000b6","element-6066-11e4-a52e-4f735466cecf":"00000000-0000-04e1-ffff-ffff000000b6"},{"ELEMENT":"00000000-0000-04e1-ffff-ffff000000bc","element-6066-11e4-a52e-4f735466cecf":"00000000-0000-04e1-ffff-ffff000000bc"},{"ELEMENT":"00000000-0000-04e1-ffff-ffff000000c2","element-6066-11e4-a52e-4f735466cecf":"00000000-0000-04e1-ffff-ffff000000c2"},{"ELEMENT":"00000000-0000-04e1-ffff-ffff000000ca","element-6066-11e4-a52e-4f735466cecf":"00000000-0000-04e1-ffff-ffff000000ca"},{"ELEMENT":"00000000-0000-04e1-ffff-ffff000000ce","element-6066-11e4-a52e-4f735466cecf":"00000000-0000-04e1-ffff-ffff000000ce"},{"ELEMENT":"00000000-0000-04e1-ffff-ffff000000d2","element-6066-11e4-a52e-4f735466cecf":"00000000-0000-04e1-ffff-ffff000000d2"},{"ELEMENT":"00000000-0000-04e1-ffff-ffff000000e0","element-6066-...
[debug] [35m[W3C (30899289)][39m Responding to client with driver.findElements() result: [{"element-6066-11e4-a52e-4f735466cecf":"00000000-0000-04e1-ffff-ffff000000b0","ELEMENT":"00000000-0000-04e1-ffff-ffff000000b0"},{"element-6066-11e4-a52e-4f735466cecf":"00000000-0000-04e1-ffff-ffff000000b6","ELEMENT":"00000000-0000-04e1-ffff-ffff000000b6"},{"element-6066-11e4-a52e-4f735466cecf":"00000000-0000-04e1-ffff-ffff000000bc","ELEMENT":"00000000-0000-04e1-ffff-ffff000000bc"},{"element-6066-11e4-a52e-4f735466cecf":"00000000-0000-04e1-ffff-ffff000000c2","ELEMENT":"00000000-0000-04e1-ffff-ffff000000c2"},{"element-6066-11e4-a52e-4f735466cecf":"00000000-0000-04e1-ffff-ffff000000ca","ELEMENT":"00000000-0000-04e1-ffff-ffff000000ca"},{"element-6066-11e4-a52e-4f735466cecf":"00000000-0000-04e1-ffff-ffff000000ce","ELEMENT":"00000000-0000-04e1-ffff-ffff000000ce"},{"element-6066-11e4-a52e-4f735466cecf":"00000000-0000-04e1-ffff-ffff000000d2","ELEMENT":"00000000-0000-04e1-ffff-ffff000000d2"},{"element-6066-11e4-a52e-4f735466cecf":"00000000-0000-04e1-ffff-ffff000000e0","ELEMENT":"00000000-0000-04e1-ffff-ffff000000e...
[35m[HTTP][39m [37m<-- POST /wd/hub/session/30899289-89da-4e3b-ac34-07e4c3ecb01d/elements [39m[32m200[39m [90m306 ms - 1163[39m
[35m[HTTP][39m [90m[39m
[35m[HTTP][39m [37m-->[39m [37mPOST[39m [37m/wd/hub/session/30899289-89da-4e3b-ac34-07e4c3ecb01d/elements[39m
[35m[HTTP][39m [90m{"using":"xpath","value":"//*[@class = 'android.widget.EditText' and (@text = '' or . = '')]"}[39m
[debug] [35m[W3C (30899289)][39m Calling AppiumDriver.findElements() with args: ["xpath","//*[@class = 'android.widget.EditText' and (@text = '' or . = '')]","30899289-89da-4e3b-ac34-07e4c3ecb01d"]
[debug] [35m[BaseDriver][39m Valid locator strategies for this request: xpath, id, class name, accessibility id, css selector, -android uiautomator
[debug] [35m[BaseDriver][39m Waiting up to 60000 ms for condition
[debug] [35m[WD Proxy][39m Matched '/elements' to command name 'findElements'
[debug] [35m[WD Proxy][39m Proxying [POST /elements] to [POST http://127.0.0.1:51270/wd/hub/session/a2b474ba-9d84-4ae6-88f8-7086184f790b/elements] with body: {"strategy":"xpath","selector":"//*[@class = 'android.widget.EditText' and (@text = '' or . = '')]","context":"","multiple":true}
[debug] [35m[WD Proxy][39m Got response with status 200: {"sessionId":"a2b474ba-9d84-4ae6-88f8-7086184f790b","value":[{"ELEMENT":"00000000-0000-04e1-ffff-ffff000000b0","element-6066-11e4-a52e-4f735466cecf":"00000000-0000-04e1-ffff-ffff000000b0"},{"ELEMENT":"00000000-0000-04e1-ffff-ffff000000b6","element-6066-11e4-a52e-4f735466cecf":"00000000-0000-04e1-ffff-ffff000000b6"},{"ELEMENT":"00000000-0000-04e1-ffff-ffff000000bc","element-6066-11e4-a52e-4f735466cecf":"00000000-0000-04e1-ffff-ffff000000bc"},{"ELEMENT":"00000000-0000-04e1-ffff-ffff000000c2","element-6066-11e4-a52e-4f735466cecf":"00000000-0000-04e1-ffff-ffff000000c2"},{"ELEMENT":"00000000-0000-04e1-ffff-ffff000000ca","element-6066-11e4-a52e-4f735466cecf":"00000000-0000-04e1-ffff-ffff000000ca"},{"ELEMENT":"00000000-0000-04e1-ffff-ffff000000ce","element-6066-11e4-a52e-4f735466cecf":"00000000-0000-04e1-ffff-ffff000000ce"},{"ELEMENT":"00000000-0000-04e1-ffff-ffff000000d2","element-6066-11e4-a52e-4f735466cecf":"00000000-0000-04e1-ffff-ffff000000d2"},{"ELEMENT":"00000000-0000-04e1-ffff-ffff000000e0","element-6066-...
[debug] [35m[W3C (30899289)][39m Responding to client with driver.findElements() result: [{"element-6066-11e4-a52e-4f735466cecf":"00000000-0000-04e1-ffff-ffff000000b0","ELEMENT":"00000000-0000-04e1-ffff-ffff000000b0"},{"element-6066-11e4-a52e-4f735466cecf":"00000000-0000-04e1-ffff-ffff000000b6","ELEMENT":"00000000-0000-04e1-ffff-ffff000000b6"},{"element-6066-11e4-a52e-4f735466cecf":"00000000-0000-04e1-ffff-ffff000000bc","ELEMENT":"00000000-0000-04e1-ffff-ffff000000bc"},{"element-6066-11e4-a52e-4f735466cecf":"00000000-0000-04e1-ffff-ffff000000c2","ELEMENT":"00000000-0000-04e1-ffff-ffff000000c2"},{"element-6066-11e4-a52e-4f735466cecf":"00000000-0000-04e1-ffff-ffff000000ca","ELEMENT":"00000000-0000-04e1-ffff-ffff000000ca"},{"element-6066-11e4-a52e-4f735466cecf":"00000000-0000-04e1-ffff-ffff000000ce","ELEMENT":"00000000-0000-04e1-ffff-ffff000000ce"},{"element-6066-11e4-a52e-4f735466cecf":"00000000-0000-04e1-ffff-ffff000000d2","ELEMENT":"00000000-0000-04e1-ffff-ffff000000d2"},{"element-6066-11e4-a52e-4f735466cecf":"00000000-0000-04e1-ffff-ffff000000e0","ELEMENT":"00000000-0000-04e1-ffff-ffff000000e...
[35m[HTTP][39m [37m<-- POST /wd/hub/session/30899289-89da-4e3b-ac34-07e4c3ecb01d/elements [39m[32m200[39m [90m458 ms - 1163[39m
[35m[HTTP][39m [90m[39m
[35m[HTTP][39m [37m-->[39m [37mPOST[39m [37m/wd/hub/session/30899289-89da-4e3b-ac34-07e4c3ecb01d/elements[39m
[35m[HTTP][39m [90m{"using":"-android uiautomator","value":"new UiSelector().className(\"android.widget.EditText\")"}[39m
[debug] [35m[W3C (30899289)][39m Calling AppiumDriver.findElements() with args: ["-android uiautomator","new UiSelector().className(\"android.widget.EditText\")","30899289-89da-4e3b-ac34-07e4c3ecb01d"]
[debug] [35m[BaseDriver][39m Valid locator strategies for this request: xpath, id, class name, accessibility id, css selector, -android uiautomator
[debug] [35m[BaseDriver][39m Waiting up to 60000 ms for condition
[debug] [35m[WD Proxy][39m Matched '/elements' to command name 'findElements'
[debug] [35m[WD Proxy][39m Proxying [POST /elements] to [POST http://127.0.0.1:51270/wd/hub/session/a2b474ba-9d84-4ae6-88f8-7086184f790b/elements] with body: {"strategy":"-android uiautomator","selector":"new UiSelector().className(\"android.widget.EditText\")","context":"","multiple":true}
[debug] [35m[WD Proxy][39m Got response with status 200: {"sessionId":"a2b474ba-9d84-4ae6-88f8-7086184f790b","value":[{"ELEMENT":"00000000-0000-04e1-ffff-ffff000000b0","element-6066-11e4-a52e-4f735466cecf":"00000000-0000-04e1-ffff-ffff000000b0"},{"ELEMENT":"00000000-0000-04e1-ffff-ffff000000b6","element-6066-11e4-a52e-4f735466cecf":"00000000-0000-04e1-ffff-ffff000000b6"},{"ELEMENT":"00000000-0000-04e1-ffff-ffff000000bc","element-6066-11e4-a52e-4f735466cecf":"00000000-0000-04e1-ffff-ffff000000bc"},{"ELEMENT":"00000000-0000-04e1-ffff-ffff000000c2","element-6066-11e4-a52e-4f735466cecf":"00000000-0000-04e1-ffff-ffff000000c2"},{"ELEMENT":"00000000-0000-04e1-ffff-ffff000000ca","element-6066-11e4-a52e-4f735466cecf":"00000000-0000-04e1-ffff-ffff000000ca"},{"ELEMENT":"00000000-0000-04e1-ffff-ffff000000ce","element-6066-11e4-a52e-4f735466cecf":"00000000-0000-04e1-ffff-ffff000000ce"},{"ELEMENT":"00000000-0000-04e1-ffff-ffff000000d2","element-6066-11e4-a52e-4f735466cecf":"00000000-0000-04e1-ffff-ffff000000d2"},{"ELEMENT":"00000000-0000-04e1-ffff-ffff000000e0","element-6066-...
[debug] [35m[W3C (30899289)][39m Responding to client with driver.findElements() result: [{"element-6066-11e4-a52e-4f735466cecf":"00000000-0000-04e1-ffff-ffff000000b0","ELEMENT":"00000000-0000-04e1-ffff-ffff000000b0"},{"element-6066-11e4-a52e-4f735466cecf":"00000000-0000-04e1-ffff-ffff000000b6","ELEMENT":"00000000-0000-04e1-ffff-ffff000000b6"},{"element-6066-11e4-a52e-4f735466cecf":"00000000-0000-04e1-ffff-ffff000000bc","ELEMENT":"00000000-0000-04e1-ffff-ffff000000bc"},{"element-6066-11e4-a52e-4f735466cecf":"00000000-0000-04e1-ffff-ffff000000c2","ELEMENT":"00000000-0000-04e1-ffff-ffff000000c2"},{"element-6066-11e4-a52e-4f735466cecf":"00000000-0000-04e1-ffff-ffff000000ca","ELEMENT":"00000000-0000-04e1-ffff-ffff000000ca"},{"element-6066-11e4-a52e-4f735466cecf":"00000000-0000-04e1-ffff-ffff000000ce","ELEMENT":"00000000-0000-04e1-ffff-ffff000000ce"},{"element-6066-11e4-a52e-4f735466cecf":"00000000-0000-04e1-ffff-ffff000000d2","ELEMENT":"00000000-0000-04e1-ffff-ffff000000d2"},{"element-6066-11e4-a52e-4f735466cecf":"00000000-0000-04e1-ffff-ffff000000e0","ELEMENT":"00000000-0000-04e1-ffff-ffff000000e...
[35m[HTTP][39m [37m<-- POST /wd/hub/session/30899289-89da-4e3b-ac34-07e4c3ecb01d/elements [39m[32m200[39m [90m324 ms - 1163[39m
[35m[HTTP][39m [90m[39m
[35m[HTTP][39m [37m-->[39m [37mPOST[39m [37m/wd/hub/session/30899289-89da-4e3b-ac34-07e4c3ecb01d/elements[39m
[35m[HTTP][39m [90m{"using":"xpath","value":"//*[@class = 'android.widget.EditText' and (@text = '' or . = '')]"}[39m
[debug] [35m[W3C (30899289)][39m Calling AppiumDriver.findElements() with args: ["xpath","//*[@class = 'android.widget.EditText' and (@text = '' or . = '')]","30899289-89da-4e3b-ac34-07e4c3ecb01d"]
[debug] [35m[BaseDriver][39m Valid locator strategies for this request: xpath, id, class name, accessibility id, css selector, -android uiautomator
[debug] [35m[BaseDriver][39m Waiting up to 60000 ms for condition
[debug] [35m[WD Proxy][39m Matched '/elements' to command name 'findElements'
[debug] [35m[WD Proxy][39m Proxying [POST /elements] to [POST http://127.0.0.1:51270/wd/hub/session/a2b474ba-9d84-4ae6-88f8-7086184f790b/elements] with body: {"strategy":"xpath","selector":"//*[@class = 'android.widget.EditText' and (@text = '' or . = '')]","context":"","multiple":true}
[debug] [35m[WD Proxy][39m Got response with status 200: {"sessionId":"a2b474ba-9d84-4ae6-88f8-7086184f790b","value":[{"ELEMENT":"00000000-0000-04e1-ffff-ffff000000b0","element-6066-11e4-a52e-4f735466cecf":"00000000-0000-04e1-ffff-ffff000000b0"},{"ELEMENT":"00000000-0000-04e1-ffff-ffff000000b6","element-6066-11e4-a52e-4f735466cecf":"00000000-0000-04e1-ffff-ffff000000b6"},{"ELEMENT":"00000000-0000-04e1-ffff-ffff000000bc","element-6066-11e4-a52e-4f735466cecf":"00000000-0000-04e1-ffff-ffff000000bc"},{"ELEMENT":"00000000-0000-04e1-ffff-ffff000000c2","element-6066-11e4-a52e-4f735466cecf":"00000000-0000-04e1-ffff-ffff000000c2"},{"ELEMENT":"00000000-0000-04e1-ffff-ffff000000ca","element-6066-11e4-a52e-4f735466cecf":"00000000-0000-04e1-ffff-ffff000000ca"},{"ELEMENT":"00000000-0000-04e1-ffff-ffff000000ce","element-6066-11e4-a52e-4f735466cecf":"00000000-0000-04e1-ffff-ffff000000ce"},{"ELEMENT":"00000000-0000-04e1-ffff-ffff000000d2","element-6066-11e4-a52e-4f735466cecf":"00000000-0000-04e1-ffff-ffff000000d2"},{"ELEMENT":"00000000-0000-04e1-ffff-ffff000000e0","element-6066-...
[debug] [35m[W3C (30899289)][39m Responding to client with driver.findElements() result: [{"element-6066-11e4-a52e-4f735466cecf":"00000000-0000-04e1-ffff-ffff000000b0","ELEMENT":"00000000-0000-04e1-ffff-ffff000000b0"},{"element-6066-11e4-a52e-4f735466cecf":"00000000-0000-04e1-ffff-ffff000000b6","ELEMENT":"00000000-0000-04e1-ffff-ffff000000b6"},{"element-6066-11e4-a52e-4f735466cecf":"00000000-0000-04e1-ffff-ffff000000bc","ELEMENT":"00000000-0000-04e1-ffff-ffff000000bc"},{"element-6066-11e4-a52e-4f735466cecf":"00000000-0000-04e1-ffff-ffff000000c2","ELEMENT":"00000000-0000-04e1-ffff-ffff000000c2"},{"element-6066-11e4-a52e-4f735466cecf":"00000000-0000-04e1-ffff-ffff000000ca","ELEMENT":"00000000-0000-04e1-ffff-ffff000000ca"},{"element-6066-11e4-a52e-4f735466cecf":"00000000-0000-04e1-ffff-ffff000000ce","ELEMENT":"00000000-0000-04e1-ffff-ffff000000ce"},{"element-6066-11e4-a52e-4f735466cecf":"00000000-0000-04e1-ffff-ffff000000d2","ELEMENT":"00000000-0000-04e1-ffff-ffff000000d2"},{"element-6066-11e4-a52e-4f735466cecf":"00000000-0000-04e1-ffff-ffff000000e0","ELEMENT":"00000000-0000-04e1-ffff-ffff000000e...
[35m[HTTP][39m [37m<-- POST /wd/hub/session/30899289-89da-4e3b-ac34-07e4c3ecb01d/elements [39m[32m200[39m [90m430 ms - 1163[39m
[35m[HTTP][39m [90m[39m
[35m[HTTP][39m [37m-->[39m [37mPOST[39m [37m/wd/hub/session/30899289-89da-4e3b-ac34-07e4c3ecb01d/elements[39m
[35m[HTTP][39m [90m{"using":"-android uiautomator","value":"new UiSelector().className(\"android.widget.EditText\")"}[39m
[debug] [35m[W3C (30899289)][39m Calling AppiumDriver.findElements() with args: ["-android uiautomator","new UiSelector().className(\"android.widget.EditText\")","30899289-89da-4e3b-ac34-07e4c3ecb01d"]
[debug] [35m[BaseDriver][39m Valid locator strategies for this request: xpath, id, class name, accessibility id, css selector, -android uiautomator
[debug] [35m[BaseDriver][39m Waiting up to 60000 ms for condition
[debug] [35m[WD Proxy][39m Matched '/elements' to command name 'findElements'
[debug] [35m[WD Proxy][39m Proxying [POST /elements] to [POST http://127.0.0.1:51270/wd/hub/session/a2b474ba-9d84-4ae6-88f8-7086184f790b/elements] with body: {"strategy":"-android uiautomator","selector":"new UiSelector().className(\"android.widget.EditText\")","context":"","multiple":true}
[debug] [35m[WD Proxy][39m Got response with status 200: {"sessionId":"a2b474ba-9d84-4ae6-88f8-7086184f790b","value":[{"ELEMENT":"00000000-0000-04e1-ffff-ffff000000b0","element-6066-11e4-a52e-4f735466cecf":"00000000-0000-04e1-ffff-ffff000000b0"},{"ELEMENT":"00000000-0000-04e1-ffff-ffff000000b6","element-6066-11e4-a52e-4f735466cecf":"00000000-0000-04e1-ffff-ffff000000b6"},{"ELEMENT":"00000000-0000-04e1-ffff-ffff000000bc","element-6066-11e4-a52e-4f735466cecf":"00000000-0000-04e1-ffff-ffff000000bc"},{"ELEMENT":"00000000-0000-04e1-ffff-ffff000000c2","element-6066-11e4-a52e-4f735466cecf":"00000000-0000-04e1-ffff-ffff000000c2"},{"ELEMENT":"00000000-0000-04e1-ffff-ffff000000ca","element-6066-11e4-a52e-4f735466cecf":"00000000-0000-04e1-ffff-ffff000000ca"},{"ELEMENT":"00000000-0000-04e1-ffff-ffff000000ce","element-6066-11e4-a52e-4f735466cecf":"00000000-0000-04e1-ffff-ffff000000ce"},{"ELEMENT":"00000000-0000-04e1-ffff-ffff000000d2","element-6066-11e4-a52e-4f735466cecf":"00000000-0000-04e1-ffff-ffff000000d2"},{"ELEMENT":"00000000-0000-04e1-ffff-ffff000000e0","element-6066-...
[debug] [35m[W3C (30899289)][39m Responding to client with driver.findElements() result: [{"element-6066-11e4-a52e-4f735466cecf":"00000000-0000-04e1-ffff-ffff000000b0","ELEMENT":"00000000-0000-04e1-ffff-ffff000000b0"},{"element-6066-11e4-a52e-4f735466cecf":"00000000-0000-04e1-ffff-ffff000000b6","ELEMENT":"00000000-0000-04e1-ffff-ffff000000b6"},{"element-6066-11e4-a52e-4f735466cecf":"00000000-0000-04e1-ffff-ffff000000bc","ELEMENT":"00000000-0000-04e1-ffff-ffff000000bc"},{"element-6066-11e4-a52e-4f735466cecf":"00000000-0000-04e1-ffff-ffff000000c2","ELEMENT":"00000000-0000-04e1-ffff-ffff000000c2"},{"element-6066-11e4-a52e-4f735466cecf":"00000000-0000-04e1-ffff-ffff000000ca","ELEMENT":"00000000-0000-04e1-ffff-ffff000000ca"},{"element-6066-11e4-a52e-4f735466cecf":"00000000-0000-04e1-ffff-ffff000000ce","ELEMENT":"00000000-0000-04e1-ffff-ffff000000ce"},{"element-6066-11e4-a52e-4f735466cecf":"00000000-0000-04e1-ffff-ffff000000d2","ELEMENT":"00000000-0000-04e1-ffff-ffff000000d2"},{"element-6066-11e4-a52e-4f735466cecf":"00000000-0000-04e1-ffff-ffff000000e0","ELEMENT":"00000000-0000-04e1-ffff-ffff000000e...
[35m[HTTP][39m [37m<-- POST /wd/hub/session/30899289-89da-4e3b-ac34-07e4c3ecb01d/elements [39m[32m200[39m [90m295 ms - 1163[39m
[35m[HTTP][39m [90m[39m
[35m[HTTP][39m [37m-->[39m [37mPOST[39m [37m/wd/hub/session/30899289-89da-4e3b-ac34-07e4c3ecb01d/elements[39m
[35m[HTTP][39m [90m{"using":"xpath","value":"//*[@class = 'android.widget.EditText' and (@text = '' or . = '')]"}[39m
[debug] [35m[W3C (30899289)][39m Calling AppiumDriver.findElements() with args: ["xpath","//*[@class = 'android.widget.EditText' and (@text = '' or . = '')]","30899289-89da-4e3b-ac34-07e4c3ecb01d"]
[debug] [35m[BaseDriver][39m Valid locator strategies for this request: xpath, id, class name, accessibility id, css selector, -android uiautomator
[debug] [35m[BaseDriver][39m Waiting up to 60000 ms for condition
[debug] [35m[WD Proxy][39m Matched '/elements' to command name 'findElements'
[debug] [35m[WD Proxy][39m Proxying [POST /elements] to [POST http://127.0.0.1:51270/wd/hub/session/a2b474ba-9d84-4ae6-88f8-7086184f790b/elements] with body: {"strategy":"xpath","selector":"//*[@class = 'android.widget.EditText' and (@text = '' or . = '')]","context":"","multiple":true}
[debug] [35m[WD Proxy][39m Got response with status 200: {"sessionId":"a2b474ba-9d84-4ae6-88f8-7086184f790b","value":[{"ELEMENT":"00000000-0000-04e1-ffff-ffff000000b0","element-6066-11e4-a52e-4f735466cecf":"00000000-0000-04e1-ffff-ffff000000b0"},{"ELEMENT":"00000000-0000-04e1-ffff-ffff000000b6","element-6066-11e4-a52e-4f735466cecf":"00000000-0000-04e1-ffff-ffff000000b6"},{"ELEMENT":"00000000-0000-04e1-ffff-ffff000000bc","element-6066-11e4-a52e-4f735466cecf":"00000000-0000-04e1-ffff-ffff000000bc"},{"ELEMENT":"00000000-0000-04e1-ffff-ffff000000c2","element-6066-11e4-a52e-4f735466cecf":"00000000-0000-04e1-ffff-ffff000000c2"},{"ELEMENT":"00000000-0000-04e1-ffff-ffff000000ca","element-6066-11e4-a52e-4f735466cecf":"00000000-0000-04e1-ffff-ffff000000ca"},{"ELEMENT":"00000000-0000-04e1-ffff-ffff000000ce","element-6066-11e4-a52e-4f735466cecf":"00000000-0000-04e1-ffff-ffff000000ce"},{"ELEMENT":"00000000-0000-04e1-ffff-ffff000000d2","element-6066-11e4-a52e-4f735466cecf":"00000000-0000-04e1-ffff-ffff000000d2"},{"ELEMENT":"00000000-0000-04e1-ffff-ffff000000e0","element-6066-...
[debug] [35m[W3C (30899289)][39m Responding to client with driver.findElements() result: [{"element-6066-11e4-a52e-4f735466cecf":"00000000-0000-04e1-ffff-ffff000000b0","ELEMENT":"00000000-0000-04e1-ffff-ffff000000b0"},{"element-6066-11e4-a52e-4f735466cecf":"00000000-0000-04e1-ffff-ffff000000b6","ELEMENT":"00000000-0000-04e1-ffff-ffff000000b6"},{"element-6066-11e4-a52e-4f735466cecf":"00000000-0000-04e1-ffff-ffff000000bc","ELEMENT":"00000000-0000-04e1-ffff-ffff000000bc"},{"element-6066-11e4-a52e-4f735466cecf":"00000000-0000-04e1-ffff-ffff000000c2","ELEMENT":"00000000-0000-04e1-ffff-ffff000000c2"},{"element-6066-11e4-a52e-4f735466cecf":"00000000-0000-04e1-ffff-ffff000000ca","ELEMENT":"00000000-0000-04e1-ffff-ffff000000ca"},{"element-6066-11e4-a52e-4f735466cecf":"00000000-0000-04e1-ffff-ffff000000ce","ELEMENT":"00000000-0000-04e1-ffff-ffff000000ce"},{"element-6066-11e4-a52e-4f735466cecf":"00000000-0000-04e1-ffff-ffff000000d2","ELEMENT":"00000000-0000-04e1-ffff-ffff000000d2"},{"element-6066-11e4-a52e-4f735466cecf":"00000000-0000-04e1-ffff-ffff000000e0","ELEMENT":"00000000-0000-04e1-ffff-ffff000000e...
[35m[HTTP][39m [37m<-- POST /wd/hub/session/30899289-89da-4e3b-ac34-07e4c3ecb01d/elements [39m[32m200[39m [90m440 ms - 1163[39m
[35m[HTTP][39m [90m[39m
[35m[HTTP][39m [37m-->[39m [37mPOST[39m [37m/wd/hub/session/30899289-89da-4e3b-ac34-07e4c3ecb01d/elements[39m
[35m[HTTP][39m [90m{"using":"-android uiautomator","value":"new UiSelector().className(\"android.widget.EditText\")"}[39m
[debug] [35m[W3C (30899289)][39m Calling AppiumDriver.findElements() with args: ["-android uiautomator","new UiSelector().className(\"android.widget.EditText\")","30899289-89da-4e3b-ac34-07e4c3ecb01d"]
[debug] [35m[BaseDriver][39m Valid locator strategies for this request: xpath, id, class name, accessibility id, css selector, -android uiautomator
[debug] [35m[BaseDriver][39m Waiting up to 60000 ms for condition
[debug] [35m[WD Proxy][39m Matched '/elements' to command name 'findElements'
[debug] [35m[WD Proxy][39m Proxying [POST /elements] to [POST http://127.0.0.1:51270/wd/hub/session/a2b474ba-9d84-4ae6-88f8-7086184f790b/elements] with body: {"strategy":"-android uiautomator","selector":"new UiSelector().className(\"android.widget.EditText\")","context":"","multiple":true}
[debug] [35m[WD Proxy][39m Got response with status 200: {"sessionId":"a2b474ba-9d84-4ae6-88f8-7086184f790b","value":[{"ELEMENT":"00000000-0000-04e1-ffff-ffff000000b0","element-6066-11e4-a52e-4f735466cecf":"00000000-0000-04e1-ffff-ffff000000b0"},{"ELEMENT":"00000000-0000-04e1-ffff-ffff000000b6","element-6066-11e4-a52e-4f735466cecf":"00000000-0000-04e1-ffff-ffff000000b6"},{"ELEMENT":"00000000-0000-04e1-ffff-ffff000000bc","element-6066-11e4-a52e-4f735466cecf":"00000000-0000-04e1-ffff-ffff000000bc"},{"ELEMENT":"00000000-0000-04e1-ffff-ffff000000c2","element-6066-11e4-a52e-4f735466cecf":"00000000-0000-04e1-ffff-ffff000000c2"},{"ELEMENT":"00000000-0000-04e1-ffff-ffff000000ca","element-6066-11e4-a52e-4f735466cecf":"00000000-0000-04e1-ffff-ffff000000ca"},{"ELEMENT":"00000000-0000-04e1-ffff-ffff000000ce","element-6066-11e4-a52e-4f735466cecf":"00000000-0000-04e1-ffff-ffff000000ce"},{"ELEMENT":"00000000-0000-04e1-ffff-ffff000000d2","element-6066-11e4-a52e-4f735466cecf":"00000000-0000-04e1-ffff-ffff000000d2"},{"ELEMENT":"00000000-0000-04e1-ffff-ffff000000e0","element-6066-...
[debug] [35m[W3C (30899289)][39m Responding to client with driver.findElements() result: [{"element-6066-11e4-a52e-4f735466cecf":"00000000-0000-04e1-ffff-ffff000000b0","ELEMENT":"00000000-0000-04e1-ffff-ffff000000b0"},{"element-6066-11e4-a52e-4f735466cecf":"00000000-0000-04e1-ffff-ffff000000b6","ELEMENT":"00000000-0000-04e1-ffff-ffff000000b6"},{"element-6066-11e4-a52e-4f735466cecf":"00000000-0000-04e1-ffff-ffff000000bc","ELEMENT":"00000000-0000-04e1-ffff-ffff000000bc"},{"element-6066-11e4-a52e-4f735466cecf":"00000000-0000-04e1-ffff-ffff000000c2","ELEMENT":"00000000-0000-04e1-ffff-ffff000000c2"},{"element-6066-11e4-a52e-4f735466cecf":"00000000-0000-04e1-ffff-ffff000000ca","ELEMENT":"00000000-0000-04e1-ffff-ffff000000ca"},{"element-6066-11e4-a52e-4f735466cecf":"00000000-0000-04e1-ffff-ffff000000ce","ELEMENT":"00000000-0000-04e1-ffff-ffff000000ce"},{"element-6066-11e4-a52e-4f735466cecf":"00000000-0000-04e1-ffff-ffff000000d2","ELEMENT":"00000000-0000-04e1-ffff-ffff000000d2"},{"element-6066-11e4-a52e-4f735466cecf":"00000000-0000-04e1-ffff-ffff000000e0","ELEMENT":"00000000-0000-04e1-ffff-ffff000000e...
[35m[HTTP][39m [37m<-- POST /wd/hub/session/30899289-89da-4e3b-ac34-07e4c3ecb01d/elements [39m[32m200[39m [90m257 ms - 1163[39m
[35m[HTTP][39m [90m[39m
[35m[HTTP][39m [37m-->[39m [37mDELETE[39m [37m/wd/hub/session/30899289-89da-4e3b-ac34-07e4c3ecb01d[39m
[35m[HTTP][39m [90m{}[39m
[debug] [35m[W3C (30899289)][39m Calling AppiumDriver.deleteSession() with args: ["30899289-89da-4e3b-ac34-07e4c3ecb01d"]
[debug] [35m[BaseDriver][39m Event 'quitSessionRequested' logged at 1685002848058 (15:20:48 GMT+0700 (Indochina Time))
[35m[Appium][39m Removing session 30899289-89da-4e3b-ac34-07e4c3ecb01d from our master session list
[debug] [35m[UiAutomator2][39m Deleting UiAutomator2 session
[debug] [35m[UiAutomator2][39m Deleting UiAutomator2 server session
[debug] [35m[WD Proxy][39m Matched '/' to command name 'deleteSession'
[debug] [35m[WD Proxy][39m Proxying [DELETE /] to [DELETE http://127.0.0.1:51270/wd/hub/session/a2b474ba-9d84-4ae6-88f8-7086184f790b] with no body
[debug] [35m[WD Proxy][39m Got response with status 200: {"sessionId":"a2b474ba-9d84-4ae6-88f8-7086184f790b","value":null}
[debug] [35m[ADB][39m Running 'C:\Users\1277\.katalon\tools\android_sdk\platform-tools\adb.exe -P 5037 -s RR8T301GT4R shell am force-stop com.Advantage.aShopping'
[debug] [35m[Logcat][39m Stopping logcat capture
[debug] [35m[ADB][39m Removing forwarded port socket connection: 51270 
[debug] [35m[ADB][39m Running 'C:\Users\1277\.katalon\tools\android_sdk\platform-tools\adb.exe -P 5037 -s RR8T301GT4R forward --remove tcp:51270'
[35m[UiAutomator2][39m Restoring hidden api policy to the device default configuration
[debug] [35m[ADB][39m Running 'C:\Users\1277\.katalon\tools\android_sdk\platform-tools\adb.exe -P 5037 -s RR8T301GT4R shell 'settings delete global hidden_api_policy_pre_p_apps;settings delete global hidden_api_policy_p_apps;settings delete global hidden_api_policy''
[debug] [35m[BaseDriver][39m Event 'quitSessionFinished' logged at 1685002848578 (15:20:48 GMT+0700 (Indochina Time))
[debug] [35m[W3C (30899289)][39m Received response: null
[debug] [35m[W3C (30899289)][39m But deleting session, so not returning
[debug] [35m[W3C (30899289)][39m Responding to client with driver.deleteSession() result: null
[35m[HTTP][39m [37m<-- DELETE /wd/hub/session/30899289-89da-4e3b-ac34-07e4c3ecb01d [39m[32m200[39m [90m521 ms - 14[39m
[35m[HTTP][39m [90m[39m
